[2021/04/01 23:54:02] src/minidlna.c:455: warn: Starting MiniDLNA version 1.2.1.
[2021/04/01 23:54:02] src/minidlna.c:221: warn: Creating new database at ./cache/db/files.db
[2021/04/01 23:54:02] src/scanner.c:193: warn: Scanning /home/kgrze/dev/dlna/content
[2021/04/01 23:54:02] src/scanner.c:193: info: Scanning /home/kgrze/dev/dlna/content/BBB
[2021/04/01 23:54:02] src/metadata.c:58: debug: Parsing video bbb_h264_mp4.mp4...
[2021/04/01 23:54:02] src/metadata.c:61: debug:  * size: 16324771
[2021/04/01 23:54:02] src/metadata.c:88: debug: Container: 'mov,mp4,m4a,3gp,3g2,mj2' [bbb_h264_mp4.mp4]
[2021/04/01 23:54:02] src/metadata.c:58: debug: Parsing video bbb_sunflower_1080p_30fps_normal.mp4...
[2021/04/01 23:54:02] src/metadata.c:61: debug:  * size: 276134947
[2021/04/01 23:54:02] src/metadata.c:88: debug: Container: 'mov,mp4,m4a,3gp,3g2,mj2' [bbb_sunflower_1080p_30fps_normal.mp4]
[2021/04/01 23:54:02] src/scanner.c:193: info: Scanning /home/kgrze/dev/dlna/content/justice
[2021/04/01 23:54:02] src/metadata.c:58: debug: Parsing video justice.avi...
[2021/04/01 23:54:02] src/metadata.c:61: debug:  * size: 61713928
[2021/04/01 23:54:02] src/metadata.c:88: debug: Container: 'mov,mp4,m4a,3gp,3g2,mj2' [justice.avi]
[2021/04/01 23:54:02] src/metadata.c:58: debug: Parsing video Justice.League.Dark.Apokolips.War.2020.1080p.WEBRip.x264-RARBG.mp4...
[2021/04/01 23:54:02] src/metadata.c:61: debug:  * size: 1845397812
[2021/04/01 23:54:02] src/metadata.c:88: debug: Container: 'mov,mp4,m4a,3gp,3g2,mj2' [Justice.League.Dark.Apokolips.War.2020.1080p.WEBRip.x264-RARBG.mp4]
[2021/04/01 23:54:02] src/metadata.c:58: debug: Parsing video justice.mp4...
[2021/04/01 23:54:02] src/metadata.c:61: debug:  * size: 28258453
[2021/04/01 23:54:02] src/metadata.c:88: debug: Container: 'mov,mp4,m4a,3gp,3g2,mj2' [justice.mp4]
[2021/04/01 23:54:02] src/metadata.c:58: debug: Parsing video justice_mp4.mp4...
[2021/04/01 23:54:02] src/metadata.c:61: debug:  * size: 61713928
[2021/04/01 23:54:02] src/metadata.c:88: debug: Container: 'mov,mp4,m4a,3gp,3g2,mj2' [justice_mp4.mp4]
[2021/04/01 23:54:02] src/metadata.c:58: debug: Parsing video output.mp4...
[2021/04/01 23:54:02] src/metadata.c:61: debug:  * size: 19686814
[2021/04/01 23:54:02] src/metadata.c:88: debug: Container: 'mov,mp4,m4a,3gp,3g2,mj2' [output.mp4]
[2021/04/01 23:54:02] src/metadata.c:58: debug: Parsing video output_xvid.avi...
[2021/04/01 23:54:02] src/metadata.c:61: debug:  * size: 12932418
[2021/04/01 23:54:02] src/metadata.c:88: debug: Container: 'avi' [output_xvid.avi]
[2021/04/01 23:54:02] src/scanner.c:193: info: Scanning /home/kgrze/dev/dlna/content/Sintel
[2021/04/01 23:54:02] src/metadata.c:58: debug: Parsing video Sintel.2010.1080p.mkv...
[2021/04/01 23:54:02] src/metadata.c:61: debug:  * size: 1172428172
[2021/04/01 23:54:02] src/metadata.c:88: debug: Container: 'matroska,webm' [Sintel.2010.1080p.mkv]
[2021/04/01 23:54:02] src/scanner.c:193: info: Scanning /home/kgrze/dev/dlna/content/Tears of steel
[2021/04/01 23:54:02] src/metadata.c:58: debug: Parsing video tears_of_steel_1080p.mov...
[2021/04/01 23:54:02] src/metadata.c:61: debug:  * size: 583774083
[2021/04/01 23:54:02] src/metadata.c:88: debug: Container: 'mov,mp4,m4a,3gp,3g2,mj2' [tears_of_steel_1080p.mov]
[2021/04/01 23:54:02] src/scanner.c:193: info: Scanning /home/kgrze/dev/dlna/content/tv_series
[2021/04/01 23:54:02] src/scanner.c:193: info: Scanning /home/kgrze/dev/dlna/content/tv_series/s1
[2021/04/01 23:54:02] src/metadata.c:58: debug: Parsing video bbb_sunflower_1080p_30fps_normal.mp4...
[2021/04/01 23:54:02] src/metadata.c:61: debug:  * size: 276134947
[2021/04/01 23:54:02] src/metadata.c:88: debug: Container: 'mov,mp4,m4a,3gp,3g2,mj2' [bbb_sunflower_1080p_30fps_normal.mp4]
[2021/04/01 23:54:02] src/scanner.c:193: info: Scanning /home/kgrze/dev/dlna/content/tv_series/s2
[2021/04/01 23:54:02] src/metadata.c:58: debug: Parsing video sinter_h264_mp4.mp4...
[2021/04/01 23:54:02] src/metadata.c:61: debug:  * size: 3207380
[2021/04/01 23:54:02] src/metadata.c:88: debug: Container: 'mov,mp4,m4a,3gp,3g2,mj2' [sinter_h264_mp4.mp4]
[2021/04/01 23:54:02] src/metadata.c:58: debug: Parsing video sinter.mkv...
[2021/04/01 23:54:02] src/metadata.c:61: debug:  * size: 1172428172
[2021/04/01 23:54:02] src/metadata.c:88: debug: Container: 'matroska,webm' [sinter.mkv]
[2021/04/01 23:54:02] src/metadata.c:58: debug: Parsing video sinter_mp4.mp4...
[2021/04/01 23:54:02] src/metadata.c:61: debug:  * size: 1172875720
[2021/04/01 23:54:02] src/metadata.c:88: debug: Container: 'mov,mp4,m4a,3gp,3g2,mj2' [sinter_mp4.mp4]
[2021/04/01 23:54:02] src/scanner.c:249: warn: Scanning /home/kgrze/dev/dlna/content finished (14 files)!
[2021/04/01 23:54:02] src/scanner.c:272: debug: Initial file scan completed
[2021/04/01 23:54:02] src/minidlna.c:481: warn: HTTP listening on port 8200
[2021/04/01 23:54:02] src/getifaddr.c:302: info: Enabling interface 192.168.1.11/255.255.255.0
[2021/04/01 23:54:02] src/minissdp.c:579: maxdebug: Sending ssdp:byebye [9]
[2021/04/01 23:54:02] src/minissdp.c:579: maxdebug: Sending ssdp:byebye [9]
[2021/04/01 23:54:02] src/minissdp.c:579: maxdebug: Sending ssdp:byebye [9]
[2021/04/01 23:54:02] src/minissdp.c:579: maxdebug: Sending ssdp:byebye [9]
[2021/04/01 23:54:02] src/minissdp.c:579: maxdebug: Sending ssdp:byebye [9]
[2021/04/01 23:54:02] src/minissdp.c:579: maxdebug: Sending ssdp:byebye [9]
[2021/04/01 23:54:02] src/minissdp.c:579: maxdebug: Sending ssdp:byebye [9]
[2021/04/01 23:54:02] src/minissdp.c:579: maxdebug: Sending ssdp:byebye [9]
[2021/04/01 23:54:02] src/minissdp.c:579: maxdebug: Sending ssdp:byebye [9]
[2021/04/01 23:54:02] src/minissdp.c:579: maxdebug: Sending ssdp:byebye [9]
[2021/04/01 23:54:02] src/minissdp.c:275: maxdebug: Sending ssdp:alive [9]
[2021/04/01 23:54:02] src/minissdp.c:275: maxdebug: Sending ssdp:alive [9]
[2021/04/01 23:54:02] src/minissdp.c:275: maxdebug: Sending ssdp:alive [9]
[2021/04/01 23:54:02] src/minissdp.c:275: maxdebug: Sending ssdp:alive [9]
[2021/04/01 23:54:02] src/minissdp.c:275: maxdebug: Sending ssdp:alive [9]
[2021/04/01 23:54:02] src/minissdp.c:275: maxdebug: Sending ssdp:alive [9]
[2021/04/01 23:54:02] src/minissdp.c:275: maxdebug: Sending ssdp:alive [9]
[2021/04/01 23:54:02] src/minissdp.c:275: maxdebug: Sending ssdp:alive [9]
[2021/04/01 23:54:02] src/minissdp.c:275: maxdebug: Sending ssdp:alive [9]
[2021/04/01 23:54:02] src/minissdp.c:275: maxdebug: Sending ssdp:alive [9]
[2021/04/01 23:54:06] src/minissdp.c:480: debug: SSDP M-SEARCH from 192.168.1.11:13348 ST: upnp:rootdevice, MX: 5, MAN: "ssdp:discover"
[2021/04/01 23:54:06] src/minissdp.c:220: debug: Sending M-SEARCH response to 192.168.1.11:13348 ST: upnp:rootdevice
[2021/04/01 23:54:06] src/minissdp.c:480: debug: SSDP M-SEARCH from 192.168.1.11:13348 ST: upnp:rootdevice, MX: 5, MAN: "ssdp:discover"
[2021/04/01 23:54:06] src/minissdp.c:220: debug: Sending M-SEARCH response to 192.168.1.11:13348 ST: upnp:rootdevice
[2021/04/01 23:54:07] src/minidlna.c:628: debug: HTTP connection from 192.168.1.11:46728
[2021/04/01 23:54:07] src/upnphttp.c:608: debug: HTTP REQUEST: GET /rootDesc.xml HTTP/1.1
User-Agent: UPnP/1.0 DLNADOC/1.50 Platinum/1.0.5.13
Host: 192.168.1.11:8200


[2021/04/01 23:54:07] src/upnphttp.c:852: debug: HTTP RESPONSE: HTTP/1.1 200 OK
Content-Type: text/xml; charset="utf-8"
Connection: close
Content-Length: 1349
Server: 5.4.0-26-generic DLNADOC/1.50 UPnP/1.0 MiniDLNA/1.2.1
Date: Thu, 01 Apr 2021 21:54:07 GMT
EXT:

<?xml version="1.0"?>
<root xmlns="urn:schemas-upnp-org:device-1-0"><specVersion><major>1</major><minor>0</minor></specVersion><device><deviceType>urn:schemas-upnp-org:device:MediaServer:1</deviceType><friendlyName>DLNA_TEST_KGRZE</friendlyName><manufacturer>Justin Maggard</manufacturer><manufacturerURL>http://www.netgear.com/</manufacturerURL><modelDescription>MiniDLNA on Linux</modelDescription><modelName>Windows Media Connect compatible (MiniDLNA)</modelName><modelNumber>1.2.1</modelNumber><modelURL>http://www.netgear.com</modelURL><serialNumber>00000000</serialNumber><UDN>uuid:4d696e69-444c-164e-9d41-54ab3aa53c53</UDN><dlna:X_DLNADOC xmlns:dlna="urn:schemas-dlna-org:device-1-0">DMS-1.50</dlna:X_DLNADOC><presentationURL>/</presentationURL><serviceList><service><serviceType>urn:schemas-upnp-org:service:ContentDirectory:1</serviceType><serviceId>urn:upnp-org:serviceId:ContentDirectory</serviceId><controlURL>/ctl/ContentDir</controlURL><eventSubURL>/evt/ContentDir</eventSubURL><SCPDURL>/ContentDir.xml</SCPDURL></service><service><serviceType>urn:schemas-upnp-org:service:ConnectionManager:1</serviceType><serviceId>urn:upnp-org:serviceId:ConnectionManager</serviceId><controlURL>/ctl/ConnectionMgr</controlURL><eventSubURL>/evt/ConnectionMgr</eventSubURL><SCPDURL>/ConnectionMgr.xml</SCPDURL></service></serviceList></device></root>
[2021/04/01 23:54:07] src/minidlna.c:628: debug: HTTP connection from 192.168.1.11:46732
[2021/04/01 23:54:07] src/upnphttp.c:608: debug: HTTP REQUEST: GET /ContentDir.xml HTTP/1.1
User-Agent: UPnP/1.0 DLNADOC/1.50 Platinum/1.0.5.13
Host: 192.168.1.11:8200


[2021/04/01 23:54:07] src/upnphttp.c:852: debug: HTTP RESPONSE: HTTP/1.1 200 OK
Content-Type: text/xml; charset="utf-8"
Connection: close
Content-Length: 5686
Server: 5.4.0-26-generic DLNADOC/1.50 UPnP/1.0 MiniDLNA/1.2.1
Date: Thu, 01 Apr 2021 21:54:07 GMT
EXT:

<?xml version="1.0"?>
<scpd xmlns="urn:schemas-upnp-org:service-1-0"><specVersion><major>1</major><minor>0</minor></specVersion><actionList><action><name>GetSearchCapabilities</name><argumentList><argument><name>SearchCaps</name><direction>out</direction><relatedStateVariable>SearchCapabilities</relatedStateVariable></argument></argumentList></action><action><name>GetSortCapabilities</name><argumentList><argument><name>SortCaps</name><direction>out</direction><relatedStateVariable>SortCapabilities</relatedStateVariable></argument></argumentList></action><action><name>GetSystemUpdateID</name><argumentList><argument><name>Id</name><direction>out</direction><relatedStateVariable>SystemUpdateID</relatedStateVariable></argument></argumentList></action><action><name>Browse</name><argumentList><argument><name>ObjectID</name><direction>in</direction><relatedStateVariable>A_ARG_TYPE_ObjectID</relatedStateVariable></argument><argument><name>BrowseFlag</name><direction>in</direction><relatedStateVariable>A_ARG_TYPE_BrowseFlag</relatedStateVariable></argument><argument><name>Filter</name><direction>in</direction><relatedStateVariable>A_ARG_TYPE_Filter</relatedStateVariable></argument><argument><name>StartingIndex</name><direction>in</direction><relatedStateVariable>A_ARG_TYPE_Index</relatedStateVariable></argument><argument><name>RequestedCount</name><direction>in</direction><relatedStateVariable>A_ARG_TYPE_Count</relatedStateVariable></argument><argument><name>SortCriteria</name><direction>in</direction><relatedStateVariable>A_ARG_TYPE_SortCriteria</relatedStateVariable></argument><argument><name>Result</name><direction>out</direction><relatedStateVariable>A_ARG_TYPE_Result</relatedStateVariable></argument><argument><name>NumberReturned</name><direction>out</direction><relatedStateVariable>A_ARG_TYPE_Count</relatedStateVariable></argument><argument><name>TotalMatches</name><direction>out</direction><relatedStateVariable>A_ARG_TYPE_Count</relatedStateVariable></argument><argument><name>UpdateID</name><direction>out</direction><relatedStateVariable>A_ARG_TYPE_UpdateID</relatedStateVariable></argument></argumentList></action><action><name>Search</name><argumentList><argument><name>ContainerID</name><direction>in</direction><relatedStateVariable>A_ARG_TYPE_ObjectID</relatedStateVariable></argument><argument><name>SearchCriteria</name><direction>in</direction><relatedStateVariable>A_ARG_TYPE_SearchCriteria</relatedStateVariable></argument><argument><name>Filter</name><direction>in</direction><relatedStateVariable>A_ARG_TYPE_Filter</relatedStateVariable></argument><argument><name>StartingIndex</name><direction>in</direction><relatedStateVariable>A_ARG_TYPE_Index</relatedStateVariable></argument><argument><name>RequestedCount</name><direction>in</direction><relatedStateVariable>A_ARG_TYPE_Count</relatedStateVariable></argument><argument><name>SortCriteria</name><direction>in</direction><relatedStateVariable>A_ARG_TYPE_SortCriteria</relatedStateVariable></argument><argument><name>Result</name><direction>out</direction><relatedStateVariable>A_ARG_TYPE_Result</relatedStateVariable></argument><argument><name>NumberReturned</name><direction>out</direction><relatedStateVariable>A_ARG_TYPE_Count</relatedStateVariable></argument><argument><name>TotalMatches</name><direction>out</direction><relatedStateVariable>A_ARG_TYPE_Count</relatedStateVariable></argument><argument><name>UpdateID</name><direction>out</direction><relatedStateVariable>A_ARG_TYPE_UpdateID</relatedStateVariable></argument></argumentList></action><action><name>UpdateObject</name><argumentList><argument><name>ObjectID</name><direction>in</direction><relatedStateVariable>A_ARG_TYPE_ObjectID</relatedStateVariable></argument><argument><name>CurrentTagValue</name><direction>in</direction><relatedStateVariable>A_ARG_TYPE_TagValueList</relatedStateVariable></argument><argument><name>NewTagValue</name><direction>in</direction><relatedStateVariable>A_ARG_TYPE_TagValueList</relatedStateVariable></argument></argumentList></action></actionList><serviceStateTable><stateVariable sendEvents="yes"><name>TransferIDs</name><dataType>string</dataType></stateVariable><stateVariable sendEvents="no"><name>A_ARG_TYPE_ObjectID</name><dataType>string</dataType></stateVariable><stateVariable sendEvents="no"><name>A_ARG_TYPE_Result</name><dataType>string</dataType></stateVariable><stateVariable sendEvents="no"><name>A_ARG_TYPE_SearchCriteria</name><dataType>string</dataType></stateVariable><stateVariable sendEvents="no"><name>A_ARG_TYPE_BrowseFlag</name><dataType>string</dataType><allowedValueList><allowedValue>BrowseMetadata</allowedValue><allowedValue>BrowseDirectChildren</allowedValue></allowedValueList></stateVariable><stateVariable sendEvents="no"><name>A_ARG_TYPE_Filter</name><dataType>string</dataType></stateVariable><stateVariable sendEvents="no"><name>A_ARG_TYPE_SortCriteria</name><dataType>string</dataType></stateVariable><stateVariable sendEvents="no"><name>A_ARG_TYPE_Index</name><dataType>ui4</dataType></stateVariable><stateVariable sendEvents="no"><name>A_ARG_TYPE_Count</name><dataType>ui4</dataType></stateVariable><stateVariable sendEvents="no"><name>A_ARG_TYPE_UpdateID</name><dataType>ui4</dataType></stateVariable><stateVariable sendEvents="no"><name>A_ARG_TYPE_TagValueList</name><dataType>string</dataType></stateVariable><stateVariable sendEvents="no"><name>SearchCapabilities</name><dataType>string</dataType></stateVariable><stateVariable sendEvents="no"><name>SortCapabilities</name><dataType>string</dataType></stateVariable><stateVariable sendEvents="yes"><name>SystemUpdateID</name><dataType>ui4</dataType></stateVariable></serviceStateTable></scpd>
[2021/04/01 23:54:07] src/minidlna.c:628: debug: HTTP connection from 192.168.1.11:46734
[2021/04/01 23:54:07] src/upnphttp.c:608: debug: HTTP REQUEST: GET /ConnectionMgr.xml HTTP/1.1
User-Agent: UPnP/1.0 DLNADOC/1.50 Platinum/1.0.5.13
Host: 192.168.1.11:8200


[2021/04/01 23:54:07] src/upnphttp.c:852: debug: HTTP RESPONSE: HTTP/1.1 200 OK
Content-Type: text/xml; charset="utf-8"
Connection: close
Content-Length: 3380
Server: 5.4.0-26-generic DLNADOC/1.50 UPnP/1.0 MiniDLNA/1.2.1
Date: Thu, 01 Apr 2021 21:54:07 GMT
EXT:

<?xml version="1.0"?>
<scpd xmlns="urn:schemas-upnp-org:service-1-0"><specVersion><major>1</major><minor>0</minor></specVersion><actionList><action><name>GetProtocolInfo</name><argumentList><argument><name>Source</name><direction>out</direction><relatedStateVariable>SourceProtocolInfo</relatedStateVariable></argument><argument><name>Sink</name><direction>out</direction><relatedStateVariable>SinkProtocolInfo</relatedStateVariable></argument></argumentList></action><action><name>GetCurrentConnectionIDs</name><argumentList><argument><name>ConnectionIDs</name><direction>out</direction><relatedStateVariable>CurrentConnectionIDs</relatedStateVariable></argument></argumentList></action><action><name>GetCurrentConnectionInfo</name><argumentList><argument><name>ConnectionID</name><direction>in</direction><relatedStateVariable>A_ARG_TYPE_ConnectionID</relatedStateVariable></argument><argument><name>RcsID</name><direction>out</direction><relatedStateVariable>A_ARG_TYPE_RcsID</relatedStateVariable></argument><argument><name>AVTransportID</name><direction>out</direction><relatedStateVariable>A_ARG_TYPE_AVTransportID</relatedStateVariable></argument><argument><name>ProtocolInfo</name><direction>out</direction><relatedStateVariable>A_ARG_TYPE_ProtocolInfo</relatedStateVariable></argument><argument><name>PeerConnectionManager</name><direction>out</direction><relatedStateVariable>A_ARG_TYPE_ConnectionManager</relatedStateVariable></argument><argument><name>PeerConnectionID</name><direction>out</direction><relatedStateVariable>A_ARG_TYPE_ConnectionID</relatedStateVariable></argument><argument><name>Direction</name><direction>out</direction><relatedStateVariable>A_ARG_TYPE_Direction</relatedStateVariable></argument><argument><name>Status</name><direction>out</direction><relatedStateVariable>A_ARG_TYPE_ConnectionStatus</relatedStateVariable></argument></argumentList></action></actionList><serviceStateTable><stateVariable sendEvents="yes"><name>SourceProtocolInfo</name><dataType>string</dataType></stateVariable><stateVariable sendEvents="yes"><name>SinkProtocolInfo</name><dataType>string</dataType></stateVariable><stateVariable sendEvents="yes"><name>CurrentConnectionIDs</name><dataType>string</dataType></stateVariable><stateVariable sendEvents="no"><name>A_ARG_TYPE_ConnectionStatus</name><dataType>string</dataType><allowedValueList><allowedValue>OK</allowedValue><allowedValue>ContentFormatMismatch</allowedValue><allowedValue>InsufficientBandwidth</allowedValue><allowedValue>UnreliableChannel</allowedValue><allowedValue>Unknown</allowedValue></allowedValueList></stateVariable><stateVariable sendEvents="no"><name>A_ARG_TYPE_ConnectionManager</name><dataType>string</dataType></stateVariable><stateVariable sendEvents="no"><name>A_ARG_TYPE_Direction</name><dataType>string</dataType><allowedValueList><allowedValue>Input</allowedValue><allowedValue>Output</allowedValue></allowedValueList></stateVariable><stateVariable sendEvents="no"><name>A_ARG_TYPE_ProtocolInfo</name><dataType>string</dataType></stateVariable><stateVariable sendEvents="no"><name>A_ARG_TYPE_ConnectionID</name><dataType>i4</dataType></stateVariable><stateVariable sendEvents="no"><name>A_ARG_TYPE_AVTransportID</name><dataType>i4</dataType></stateVariable><stateVariable sendEvents="no"><name>A_ARG_TYPE_RcsID</name><dataType>i4</dataType></stateVariable></serviceStateTable></scpd>
[2021/04/01 23:54:07] src/minidlna.c:628: debug: HTTP connection from 192.168.1.11:46736
[2021/04/01 23:54:07] src/upnphttp.c:608: debug: HTTP REQUEST: SUBSCRIBE /evt/ContentDir HTTP/1.1
NT: upnp:event
CALLBACK: <http://192.168.1.11:1895/4d696e69-444c-164e-9d41-54ab3aa53c53/urn:upnp-org:serviceId:ContentDirectory>
TIMEOUT: Second-1800
User-Agent: UPnP/1.0 DLNADOC/1.50 Platinum/1.0.5.13
Host: 192.168.1.11:8200


[2021/04/01 23:54:07] src/upnphttp.c:664: warn: Unsupported HTTP Command SUBSCRIBE
[2021/04/01 23:54:07] src/upnphttp.c:852: debug: HTTP RESPONSE: HTTP/1.1 501 Not Implemented
Content-Type: text/html
Connection: close
Content-Length: 149
Server: 5.4.0-26-generic DLNADOC/1.50 UPnP/1.0 MiniDLNA/1.2.1
Date: Thu, 01 Apr 2021 21:54:07 GMT
EXT:

<HTML><HEAD><TITLE>501 Not Implemented</TITLE></HEAD><BODY><H1>Not Implemented</H1>The HTTP Method is not implemented by this server.</BODY></HTML>

[2021/04/01 23:54:07] src/minidlna.c:628: debug: HTTP connection from 192.168.1.11:46738
[2021/04/01 23:54:07] src/upnphttp.c:608: debug: HTTP REQUEST: SUBSCRIBE /evt/ConnectionMgr HTTP/1.1
NT: upnp:event
CALLBACK: <http://192.168.1.11:1895/4d696e69-444c-164e-9d41-54ab3aa53c53/urn:upnp-org:serviceId:ConnectionManager>
TIMEOUT: Second-1800
User-Agent: UPnP/1.0 DLNADOC/1.50 Platinum/1.0.5.13
Host: 192.168.1.11:8200


[2021/04/01 23:54:07] src/upnphttp.c:664: warn: Unsupported HTTP Command SUBSCRIBE
[2021/04/01 23:54:07] src/upnphttp.c:852: debug: HTTP RESPONSE: HTTP/1.1 501 Not Implemented
Content-Type: text/html
Connection: close
Content-Length: 149
Server: 5.4.0-26-generic DLNADOC/1.50 UPnP/1.0 MiniDLNA/1.2.1
Date: Thu, 01 Apr 2021 21:54:07 GMT
EXT:

<HTML><HEAD><TITLE>501 Not Implemented</TITLE></HEAD><BODY><H1>Not Implemented</H1>The HTTP Method is not implemented by this server.</BODY></HTML>

[2021/04/01 23:54:12] src/minidlna.c:628: debug: HTTP connection from 192.168.1.11:46750
[2021/04/01 23:54:12] src/upnphttp.c:608: debug: HTTP REQUEST: POST /ctl/ContentDir HTTP/1.1
SOAPAction: "urn:schemas-upnp-org:service:ContentDirectory:1#Browse"
User-Agent: UPnP/1.0 DLNADOC/1.50 Platinum/1.0.5.13
Host: 192.168.1.11:8200
Content-Length: 999
Content-Type: text/xml; charset="utf-8"

<?xml version="1.0" encoding="UTF-8"?>
<s:Envelope s:encodingStyle="http://schemas.xmlsoap.org/soap/encoding/" xmlns:s="http://schemas.xmlsoap.org/soap/envelope/"><s:Body><u:Browse xmlns:u="urn:schemas-upnp-org:service:ContentDirectory:1"><ObjectID>0</ObjectID><BrowseFlag>BrowseDirectChildren</BrowseFlag><Filter>dc:date,dc:description,upnp:longDescription,upnp:genre,res,res@duration,res@size,upnp:albumArtURI,upnp:rating,upnp:lastPlaybackPosition,upnp:lastPlaybackTime,upnp:playbackCount,upnp:originalTrackNumber,upnp:episodeNumber,upnp:programTitle,upnp:seriesTitle,upnp:album,upnp:artist,upnp:author,upnp:director,dc:publisher,searchable,childCount,dc:title,dc:creator,upnp:actor,res@resolution,upnp:episodeCount,upnp:episodeSeason,xbmc:lastPlayerState,xbmc:dateadded,xbmc:rating,xbmc:votes,xbmc:artwork,xbmc:uniqueidentifier,xbmc:country,xbmc:userrating</Filter><StartingIndex>0</StartingIndex><RequestedCount>200</RequestedCount><SortCriteria></SortCriteria></u:Browse></s:Body></s:Envelope>
[2021/04/01 23:54:12] src/upnphttp.c:507: debug: SOAPAction: urn:schemas-upnp-org:service:ContentDirectory:1#Browse
[2021/04/01 23:54:12] src/upnpsoap.c:453: debug: SoapMethod: Browse
[2021/04/01 23:54:12] src/upnpsoap.c:361: debug: Browsing ContentDirectory:
 * ObjectID: 0
 * Count: 200
 * StartingIndex: 0
 * BrowseFlag: BrowseDirectChildren
 * Filter: dc:date,dc:description,upnp:longDescription,upnp:genre,res,res@duration,res@size,upnp:albumArtURI,upnp:rating,upnp:lastPlaybackPosition,upnp:lastPlaybackTime,upnp:playbackCount,upnp:originalTrackNumber,upnp:episodeNumber,upnp:programTitle,upnp:seriesTitle,upnp:album,upnp:artist,upnp:author,upnp:director,dc:publisher,searchable,childCount,dc:title,dc:creator,upnp:actor,res@resolution,upnp:episodeCount,upnp:episodeSeason,xbmc:lastPlayerState,xbmc:dateadded,xbmc:rating,xbmc:votes,xbmc:artwork,xbmc:uniqueidentifier,xbmc:country,xbmc:userrating
 * SortCriteria: (null)
[2021/04/01 23:54:12] src/upnpsoap.c:399: debug: Browse SQL: SELECT OBJECT_ID, PARENT_ID, ID, CLASS, SIZE, TITLE, MIME from OBJECTS where PARENT_ID = '0'  limit 0, 200;
[2021/04/01 23:54:12] src/upnphttp.c:852: debug: HTTP RESPONSE: HTTP/1.1 200 OK
Content-Type: text/xml; charset="utf-8"
Connection: close
Content-Length: 811
Server: 5.4.0-26-generic DLNADOC/1.50 UPnP/1.0 MiniDLNA/1.2.1
Date: Thu, 01 Apr 2021 21:54:12 GMT
EXT:

<?xml version="1.0" encoding="utf-8"?>
<s:Envelope xmlns:s="http://schemas.xmlsoap.org/soap/envelope/" s:encodingStyle="http://schemas.xmlsoap.org/soap/encoding/"><s:Body><u:BrowseResponse xmlns:u="urn:schemas-upnp-org:service:ContentDirectory:1"><Result>&lt;DIDL-Lite xmlns:dc="http://purl.org/dc/elements/1.1/" xmlns:upnp="urn:schemas-upnp-org:metadata-1-0/upnp/" xmlns="urn:schemas-upnp-org:metadata-1-0/DIDL-Lite/"&gt;
&lt;container id="64" parentID="0" restricted="1" &gt;&lt;dc:title&gt;VIDEO&lt;/dc:title&gt;&lt;upnp:class&gt;object.container.storageFolder&lt;/upnp:class&gt;&lt;upnp:storageUsed&gt;-1&lt;/upnp:storageUsed&gt;&lt;/container&gt;&lt;/DIDL-Lite&gt;</Result>
<NumberReturned>1</NumberReturned>
<TotalMatches>1</TotalMatches>
<UpdateID>1</UpdateID></u:BrowseResponse></s:Body></s:Envelope>

[2021/04/01 23:54:14] src/minidlna.c:628: debug: HTTP connection from 192.168.1.11:46752
[2021/04/01 23:54:14] src/upnphttp.c:608: debug: HTTP REQUEST: POST /ctl/ContentDir HTTP/1.1
SOAPAction: "urn:schemas-upnp-org:service:ContentDirectory:1#Browse"
User-Agent: UPnP/1.0 DLNADOC/1.50 Platinum/1.0.5.13
Host: 192.168.1.11:8200
Content-Length: 1000
Content-Type: text/xml; charset="utf-8"


[2021/04/01 23:54:14] src/upnphttp.c:507: debug: SOAPAction: urn:schemas-upnp-org:service:ContentDirectory:1#Browse
[2021/04/01 23:54:14] src/upnpsoap.c:453: debug: SoapMethod: Browse
[2021/04/01 23:54:14] src/upnpsoap.c:361: debug: Browsing ContentDirectory:
 * ObjectID: 64
 * Count: 200
 * StartingIndex: 0
 * BrowseFlag: BrowseDirectChildren
 * Filter: dc:date,dc:description,upnp:longDescription,upnp:genre,res,res@duration,res@size,upnp:albumArtURI,upnp:rating,upnp:lastPlaybackPosition,upnp:lastPlaybackTime,upnp:playbackCount,upnp:originalTrackNumber,upnp:episodeNumber,upnp:programTitle,upnp:seriesTitle,upnp:album,upnp:artist,upnp:author,upnp:director,dc:publisher,searchable,childCount,dc:title,dc:creator,upnp:actor,res@resolution,upnp:episodeCount,upnp:episodeSeason,xbmc:lastPlayerState,xbmc:dateadded,xbmc:rating,xbmc:votes,xbmc:artwork,xbmc:uniqueidentifier,xbmc:country,xbmc:userrating
 * SortCriteria: (null)
[2021/04/01 23:54:14] src/upnpsoap.c:399: debug: Browse SQL: SELECT OBJECT_ID, PARENT_ID, ID, CLASS, SIZE, TITLE, MIME from OBJECTS where PARENT_ID = '64'  limit 0, 200;
[2021/04/01 23:54:14] src/upnphttp.c:852: debug: HTTP RESPONSE: HTTP/1.1 200 OK
Content-Type: text/xml; charset="utf-8"
Connection: close
Content-Length: 1752
Server: 5.4.0-26-generic DLNADOC/1.50 UPnP/1.0 MiniDLNA/1.2.1
Date: Thu, 01 Apr 2021 21:54:14 GMT
EXT:

<?xml version="1.0" encoding="utf-8"?>
<s:Envelope xmlns:s="http://schemas.xmlsoap.org/soap/envelope/" s:encodingStyle="http://schemas.xmlsoap.org/soap/encoding/"><s:Body><u:BrowseResponse xmlns:u="urn:schemas-upnp-org:service:ContentDirectory:1"><Result>&lt;DIDL-Lite xmlns:dc="http://purl.org/dc/elements/1.1/" xmlns:upnp="urn:schemas-upnp-org:metadata-1-0/upnp/" xmlns="urn:schemas-upnp-org:metadata-1-0/DIDL-Lite/"&gt;
&lt;container id="64$0" parentID="64" restricted="1" &gt;&lt;dc:title&gt;BBB&lt;/dc:title&gt;&lt;upnp:class&gt;object.container.storageFolder&lt;/upnp:class&gt;&lt;upnp:storageUsed&gt;-1&lt;/upnp:storageUsed&gt;&lt;/container&gt;&lt;container id="64$1" parentID="64" restricted="1" &gt;&lt;dc:title&gt;justice&lt;/dc:title&gt;&lt;upnp:class&gt;object.container.storageFolder&lt;/upnp:class&gt;&lt;upnp:storageUsed&gt;-1&lt;/upnp:storageUsed&gt;&lt;/container&gt;&lt;container id="64$2" parentID="64" restricted="1" &gt;&lt;dc:title&gt;Sintel&lt;/dc:title&gt;&lt;upnp:class&gt;object.container.storageFolder&lt;/upnp:class&gt;&lt;upnp:storageUsed&gt;-1&lt;/upnp:storageUsed&gt;&lt;/container&gt;&lt;container id="64$3" parentID="64" restricted="1" &gt;&lt;dc:title&gt;Tears of steel&lt;/dc:title&gt;&lt;upnp:class&gt;object.container.storageFolder&lt;/upnp:class&gt;&lt;upnp:storageUsed&gt;-1&lt;/upnp:storageUsed&gt;&lt;/container&gt;&lt;container id="64$4" parentID="64" restricted="1" &gt;&lt;dc:title&gt;tv_series&lt;/dc:title&gt;&lt;upnp:class&gt;object.container.storageFolder&lt;/upnp:class&gt;&lt;upnp:storageUsed&gt;-1&lt;/upnp:storageUsed&gt;&lt;/container&gt;&lt;/DIDL-Lite&gt;</Result>
<NumberReturned>5</NumberReturned>
<TotalMatches>5</TotalMatches>
<UpdateID>1</UpdateID></u:BrowseResponse></s:Body></s:Envelope>

[2021/04/01 23:54:16] src/minidlna.c:628: debug: HTTP connection from 192.168.1.11:46758
[2021/04/01 23:54:16] src/upnphttp.c:608: debug: HTTP REQUEST: POST /ctl/ContentDir HTTP/1.1
SOAPAction: "urn:schemas-upnp-org:service:ContentDirectory:1#Browse"
User-Agent: UPnP/1.0 DLNADOC/1.50 Platinum/1.0.5.13
Host: 192.168.1.11:8200
Content-Length: 1002
Content-Type: text/xml; charset="utf-8"

<?xml version="1.0" encoding="UTF-8"?>
<s:Envelope s:encodingStyle="http://schemas.xmlsoap.org/soap/encoding/" xmlns:s="http://schemas.xmlsoap.org/soap/envelope/"><s:Body><u:Browse xmlns:u="urn:schemas-upnp-org:service:ContentDirectory:1"><ObjectID>64$0</ObjectID><BrowseFlag>BrowseDirectChildren</BrowseFlag><Filter>dc:date,dc:description,upnp:longDescription,upnp:genre,res,res@duration,res@size,upnp:albumArtURI,upnp:rating,upnp:lastPlaybackPosition,upnp:lastPlaybackTime,upnp:playbackCount,upnp:originalTrackNumber,upnp:episodeNumber,upnp:programTitle,upnp:seriesTitle,upnp:album,upnp:artist,upnp:author,upnp:director,dc:publisher,searchable,childCount,dc:title,dc:creator,upnp:actor,res@resolution,upnp:episodeCount,upnp:episodeSeason,xbmc:lastPlayerState,xbmc:dateadded,xbmc:rating,xbmc:votes,xbmc:artwork,xbmc:uniqueidentifier,xbmc:country,xbmc:userrating</Filter><StartingIndex>0</StartingIndex><RequestedCount>200</RequestedCount><SortCriteria></SortCriteria></u:Browse></s:Body></s:Envelope>
[2021/04/01 23:54:16] src/upnphttp.c:507: debug: SOAPAction: urn:schemas-upnp-org:service:ContentDirectory:1#Browse
[2021/04/01 23:54:16] src/upnpsoap.c:453: debug: SoapMethod: Browse
[2021/04/01 23:54:16] src/upnpsoap.c:361: debug: Browsing ContentDirectory:
 * ObjectID: 64$0
 * Count: 200
 * StartingIndex: 0
 * BrowseFlag: BrowseDirectChildren
 * Filter: dc:date,dc:description,upnp:longDescription,upnp:genre,res,res@duration,res@size,upnp:albumArtURI,upnp:rating,upnp:lastPlaybackPosition,upnp:lastPlaybackTime,upnp:playbackCount,upnp:originalTrackNumber,upnp:episodeNumber,upnp:programTitle,upnp:seriesTitle,upnp:album,upnp:artist,upnp:author,upnp:director,dc:publisher,searchable,childCount,dc:title,dc:creator,upnp:actor,res@resolution,upnp:episodeCount,upnp:episodeSeason,xbmc:lastPlayerState,xbmc:dateadded,xbmc:rating,xbmc:votes,xbmc:artwork,xbmc:uniqueidentifier,xbmc:country,xbmc:userrating
 * SortCriteria: (null)
[2021/04/01 23:54:16] src/upnpsoap.c:399: debug: Browse SQL: SELECT OBJECT_ID, PARENT_ID, ID, CLASS, SIZE, TITLE, MIME from OBJECTS where PARENT_ID = '64$0'  limit 0, 200;
[2021/04/01 23:54:16] src/upnphttp.c:852: debug: HTTP RESPONSE: HTTP/1.1 200 OK
Content-Type: text/xml; charset="utf-8"
Connection: close
Content-Length: 1149
Server: 5.4.0-26-generic DLNADOC/1.50 UPnP/1.0 MiniDLNA/1.2.1
Date: Thu, 01 Apr 2021 21:54:16 GMT
EXT:

<?xml version="1.0" encoding="utf-8"?>
<s:Envelope xmlns:s="http://schemas.xmlsoap.org/soap/envelope/" s:encodingStyle="http://schemas.xmlsoap.org/soap/encoding/"><s:Body><u:BrowseResponse xmlns:u="urn:schemas-upnp-org:service:ContentDirectory:1"><Result>&lt;DIDL-Lite xmlns:dc="http://purl.org/dc/elements/1.1/" xmlns:upnp="urn:schemas-upnp-org:metadata-1-0/upnp/" xmlns="urn:schemas-upnp-org:metadata-1-0/DIDL-Lite/"&gt;
&lt;item id="64$0$0" parentID="64$0" restricted="1"&gt;&lt;dc:title&gt;bbb_h264_mp4&lt;/dc:title&gt;&lt;upnp:class&gt;object.item.videoItem&lt;/upnp:class&gt;&lt;res protocolInfo="http-get:*:video/mp4:*"&gt;http://192.168.1.11:8200/MediaItems/4.mp4&lt;/res&gt;&lt;/item&gt;&lt;item id="64$0$1" parentID="64$0" restricted="1"&gt;&lt;dc:title&gt;bbb_sunflower_1080p_30fps_normal&lt;/dc:title&gt;&lt;upnp:class&gt;object.item.videoItem&lt;/upnp:class&gt;&lt;res protocolInfo="http-get:*:video/mp4:*"&gt;http://192.168.1.11:8200/MediaItems/5.mp4&lt;/res&gt;&lt;/item&gt;&lt;/DIDL-Lite&gt;</Result>
<NumberReturned>2</NumberReturned>
<TotalMatches>2</TotalMatches>
<UpdateID>1</UpdateID></u:BrowseResponse></s:Body></s:Envelope>

[2021/04/01 23:54:17] src/minidlna.c:628: debug: HTTP connection from 192.168.1.11:46762
[2021/04/01 23:54:17] src/upnphttp.c:608: debug: HTTP REQUEST: POST /ctl/ContentDir HTTP/1.1
SOAPAction: "urn:schemas-upnp-org:service:ContentDirectory:1#Browse"
User-Agent: UPnP/1.0 DLNADOC/1.50 Platinum/1.0.5.13
Host: 192.168.1.11:8200
Content-Length: 996
Content-Type: text/xml; charset="utf-8"

<?xml version="1.0" encoding="UTF-8"?>
<s:Envelope s:encodingStyle="http://schemas.xmlsoap.org/soap/encoding/" xmlns:s="http://schemas.xmlsoap.org/soap/envelope/"><s:Body><u:Browse xmlns:u="urn:schemas-upnp-org:service:ContentDirectory:1"><ObjectID>64$0$0</ObjectID><BrowseFlag>BrowseMetadata</BrowseFlag><Filter>dc:date,dc:description,upnp:longDescription,upnp:genre,res,res@duration,res@size,upnp:albumArtURI,upnp:rating,upnp:lastPlaybackPosition,upnp:lastPlaybackTime,upnp:playbackCount,upnp:originalTrackNumber,upnp:episodeNumber,upnp:programTitle,upnp:seriesTitle,upnp:album,upnp:artist,upnp:author,upnp:director,dc:publisher,searchable,childCount,dc:title,dc:creator,upnp:actor,res@resolution,upnp:episodeCount,upnp:episodeSeason,xbmc:lastPlayerState,xbmc:dateadded,xbmc:rating,xbmc:votes,xbmc:artwork,xbmc:uniqueidentifier,xbmc:country,xbmc:userrating</Filter><StartingIndex>0</StartingIndex><RequestedCount>1</RequestedCount><SortCriteria></SortCriteria></u:Browse></s:Body></s:Envelope>
[2021/04/01 23:54:17] src/upnphttp.c:507: debug: SOAPAction: urn:schemas-upnp-org:service:ContentDirectory:1#Browse
[2021/04/01 23:54:17] src/upnpsoap.c:453: debug: SoapMethod: Browse
[2021/04/01 23:54:17] src/upnpsoap.c:361: debug: Browsing ContentDirectory:
 * ObjectID: 64$0$0
 * Count: 1
 * StartingIndex: 0
 * BrowseFlag: BrowseMetadata
 * Filter: dc:date,dc:description,upnp:longDescription,upnp:genre,res,res@duration,res@size,upnp:albumArtURI,upnp:rating,upnp:lastPlaybackPosition,upnp:lastPlaybackTime,upnp:playbackCount,upnp:originalTrackNumber,upnp:episodeNumber,upnp:programTitle,upnp:seriesTitle,upnp:album,upnp:artist,upnp:author,upnp:director,dc:publisher,searchable,childCount,dc:title,dc:creator,upnp:actor,res@resolution,upnp:episodeCount,upnp:episodeSeason,xbmc:lastPlayerState,xbmc:dateadded,xbmc:rating,xbmc:votes,xbmc:artwork,xbmc:uniqueidentifier,xbmc:country,xbmc:userrating
 * SortCriteria: (null)
[2021/04/01 23:54:17] src/upnpsoap.c:377: debug: Browse SQL: SELECT OBJECT_ID, PARENT_ID, ID, CLASS, SIZE, TITLE, MIME from OBJECTS where OBJECT_ID = '64$0$0';
[2021/04/01 23:54:17] src/upnphttp.c:852: debug: HTTP RESPONSE: HTTP/1.1 200 OK
Content-Type: text/xml; charset="utf-8"
Connection: close
Content-Length: 856
Server: 5.4.0-26-generic DLNADOC/1.50 UPnP/1.0 MiniDLNA/1.2.1
Date: Thu, 01 Apr 2021 21:54:17 GMT
EXT:

<?xml version="1.0" encoding="utf-8"?>
<s:Envelope xmlns:s="http://schemas.xmlsoap.org/soap/envelope/" s:encodingStyle="http://schemas.xmlsoap.org/soap/encoding/"><s:Body><u:BrowseResponse xmlns:u="urn:schemas-upnp-org:service:ContentDirectory:1"><Result>&lt;DIDL-Lite xmlns:dc="http://purl.org/dc/elements/1.1/" xmlns:upnp="urn:schemas-upnp-org:metadata-1-0/upnp/" xmlns="urn:schemas-upnp-org:metadata-1-0/DIDL-Lite/"&gt;
&lt;item id="64$0$0" parentID="64$0" restricted="1"&gt;&lt;dc:title&gt;bbb_h264_mp4&lt;/dc:title&gt;&lt;upnp:class&gt;object.item.videoItem&lt;/upnp:class&gt;&lt;res protocolInfo="http-get:*:video/mp4:*"&gt;http://192.168.1.11:8200/MediaItems/4.mp4&lt;/res&gt;&lt;/item&gt;&lt;/DIDL-Lite&gt;</Result>
<NumberReturned>1</NumberReturned>
<TotalMatches>1</TotalMatches>
<UpdateID>1</UpdateID></u:BrowseResponse></s:Body></s:Envelope>

[2021/04/01 23:54:17] src/minidlna.c:628: debug: HTTP connection from 192.168.1.11:46764
[2021/04/01 23:54:17] src/upnphttp.c:608: debug: HTTP REQUEST: HEAD /MediaItems/4.mp4 HTTP/1.1
Host: 192.168.1.11:8200
User-Agent: Kodi/18.9 (X11; Linux x86_64) Ubuntu/20.04 App_Bitness/64 Version/18.9-(18.9.0)-Git:20201024-0655c2c718
Accept: */*
Accept-Encoding: deflate, gzip, br
Accept-Charset: UTF-8,*;q=0.8


[2021/04/01 23:54:17] src/upnphttp.c:1025: info: Serving DetailID: 4 [/home/kgrze/dev/dlna/content/BBB/bbb_h264_mp4.mp4]
[2021/04/01 23:54:17] src/minidlna.c:628: debug: HTTP connection from 192.168.1.11:46766
[2021/04/01 23:54:17] src/upnphttp.c:246: debug: Range Start-End: 0 - -1
[2021/04/01 23:54:17] src/upnphttp.c:608: debug: HTTP REQUEST: GET /MediaItems/4.mp4 HTTP/1.1
Host: 192.168.1.11:8200
Range: bytes=0-
User-Agent: Kodi/18.9 (X11; Linux x86_64) Ubuntu/20.04 App_Bitness/64 Version/18.9-(18.9.0)-Git:20201024-0655c2c718
Accept: */*
Accept-Encoding: deflate, gzip, br
Accept-Charset: UTF-8,*;q=0.8


[2021/04/01 23:54:17] src/upnphttp.c:1025: info: Serving DetailID: 4 [/home/kgrze/dev/dlna/content/BBB/bbb_h264_mp4.mp4]
[2021/04/01 23:54:17] src/upnphttp.c:908: debug: sent 2588672 bytes to 11. offset is now 2588672.
[2021/04/01 23:54:17] src/upnphttp.c:901: debug: sendfile error :: error no. 32 [Broken pipe]
[2021/04/01 23:54:17] src/minidlna.c:628: debug: HTTP connection from 192.168.1.11:46768
[2021/04/01 23:54:17] src/upnphttp.c:246: debug: Range Start-End: 0 - -1
[2021/04/01 23:54:17] src/upnphttp.c:608: debug: HTTP REQUEST: GET /MediaItems/4.mp4 HTTP/1.1
Host: 192.168.1.11:8200
Range: bytes=0-
User-Agent: Kodi/18.9 (X11; Linux x86_64) Ubuntu/20.04 App_Bitness/64 Version/18.9-(18.9.0)-Git:20201024-0655c2c718
Accept: */*
Accept-Encoding: deflate, gzip, br
Accept-Charset: UTF-8,*;q=0.8


[2021/04/01 23:54:17] src/upnphttp.c:1025: info: Serving DetailID: 4 [/home/kgrze/dev/dlna/content/BBB/bbb_h264_mp4.mp4]
[2021/04/01 23:54:17] src/minidlna.c:628: debug: HTTP connection from 192.168.1.11:46770
[2021/04/01 23:54:17] src/upnphttp.c:246: debug: Range Start-End: 16193699 - -1
[2021/04/01 23:54:17] src/upnphttp.c:608: debug: HTTP REQUEST: GET /MediaItems/4.mp4 HTTP/1.1
Host: 192.168.1.11:8200
Range: bytes=16193699-
User-Agent: Kodi/18.9 (X11; Linux x86_64) Ubuntu/20.04 App_Bitness/64 Version/18.9-(18.9.0)-Git:20201024-0655c2c718
Accept: */*
Accept-Encoding: deflate, gzip, br
Accept-Charset: UTF-8,*;q=0.8


[2021/04/01 23:54:17] src/upnphttp.c:1025: info: Serving DetailID: 4 [/home/kgrze/dev/dlna/content/BBB/bbb_h264_mp4.mp4]
[2021/04/01 23:54:17] src/upnphttp.c:908: debug: sent 131072 bytes to 11. offset is now 16324771.
[2021/04/01 23:54:18] src/upnphttp.c:908: debug: sent 16324771 bytes to 11. offset is now 16324771.
[2021/04/01 23:54:22] src/minidlna.c:628: debug: HTTP connection from 192.168.1.11:46772
[2021/04/01 23:54:22] src/upnphttp.c:608: debug: HTTP REQUEST: POST /ctl/ContentDir HTTP/1.1
SOAPAction: "urn:schemas-upnp-org:service:ContentDirectory:1#UpdateObject"
User-Agent: UPnP/1.0 DLNADOC/1.50 Platinum/1.0.5.13
Host: 192.168.1.11:8200
Content-Length: 379
Content-Type: text/xml; charset="utf-8"

<?xml version="1.0" encoding="UTF-8"?>
<s:Envelope s:encodingStyle="http://schemas.xmlsoap.org/soap/encoding/" xmlns:s="http://schemas.xmlsoap.org/soap/envelope/"><s:Body><u:UpdateObject xmlns:u="urn:schemas-upnp-org:service:ContentDirectory:1"><ObjectID>64%240%240/</ObjectID><CurrentTagValue></CurrentTagValue><NewTagValue></NewTagValue></u:UpdateObject></s:Body></s:Envelope>
[2021/04/01 23:54:22] src/upnphttp.c:507: debug: SOAPAction: urn:schemas-upnp-org:service:ContentDirectory:1#UpdateObject
[2021/04/01 23:54:22] src/upnpsoap.c:453: debug: SoapMethod: UpdateObject
[2021/04/01 23:54:22] src/upnpsoap.c:465: warn: SoapMethod: Unknown: UpdateObject
[2021/04/01 23:54:22] src/upnpsoap.c:122: warn: Returning UPnPError 401: Invalid Action
[2021/04/01 23:54:22] src/upnphttp.c:852: debug: HTTP RESPONSE: HTTP/1.1 500 Internal Server Error
Content-Type: text/xml; charset="utf-8"
Connection: close
Content-Length: 398
Server: 5.4.0-26-generic DLNADOC/1.50 UPnP/1.0 MiniDLNA/1.2.1
Date: Thu, 01 Apr 2021 21:54:22 GMT
EXT:

<s:Envelope xmlns:s="http://schemas.xmlsoap.org/soap/envelope/" s:encodingStyle="http://schemas.xmlsoap.org/soap/encoding/"><s:Body><s:Fault><faultcode>s:Client</faultcode><faultstring>UPnPError</faultstring><detail><UPnPError xmlns="urn:schemas-upnp-org:control-1-0"><errorCode>401</errorCode><errorDescription>Invalid Action</errorDescription></UPnPError></detail></s:Fault></s:Body></s:Envelope>
[2021/04/01 23:54:24] src/minidlna.c:628: debug: HTTP connection from 192.168.1.11:46774
[2021/04/01 23:54:24] src/upnphttp.c:608: debug: HTTP REQUEST: POST /ctl/ContentDir HTTP/1.1
SOAPAction: "urn:schemas-upnp-org:service:ContentDirectory:1#Browse"
User-Agent: UPnP/1.0 DLNADOC/1.50 Platinum/1.0.5.13
Host: 192.168.1.11:8200
Content-Length: 996
Content-Type: text/xml; charset="utf-8"

<?xml version="1.0" encoding="UTF-8"?>
<s:Envelope s:encodingStyle="http://schemas.xmlsoap.org/soap/encoding/" xmlns:s="http://schemas.xmlsoap.org/soap/envelope/"><s:Body><u:Browse xmlns:u="urn:schemas-upnp-org:service:ContentDirectory:1"><ObjectID>64$0$1</ObjectID><BrowseFlag>BrowseMetadata</BrowseFlag><Filter>dc:date,dc:description,upnp:longDescription,upnp:genre,res,res@duration,res@size,upnp:albumArtURI,upnp:rating,upnp:lastPlaybackPosition,upnp:lastPlaybackTime,upnp:playbackCount,upnp:originalTrackNumber,upnp:episodeNumber,upnp:programTitle,upnp:seriesTitle,upnp:album,upnp:artist,upnp:author,upnp:director,dc:publisher,searchable,childCount,dc:title,dc:creator,upnp:actor,res@resolution,upnp:episodeCount,upnp:episodeSeason,xbmc:lastPlayerState,xbmc:dateadded,xbmc:rating,xbmc:votes,xbmc:artwork,xbmc:uniqueidentifier,xbmc:country,xbmc:userrating</Filter><StartingIndex>0</StartingIndex><RequestedCount>1</RequestedCount><SortCriteria></SortCriteria></u:Browse></s:Body></s:Envelope>
[2021/04/01 23:54:24] src/upnphttp.c:507: debug: SOAPAction: urn:schemas-upnp-org:service:ContentDirectory:1#Browse
[2021/04/01 23:54:24] src/upnpsoap.c:453: debug: SoapMethod: Browse
[2021/04/01 23:54:24] src/upnpsoap.c:361: debug: Browsing ContentDirectory:
 * ObjectID: 64$0$1
 * Count: 1
 * StartingIndex: 0
 * BrowseFlag: BrowseMetadata
 * Filter: dc:date,dc:description,upnp:longDescription,upnp:genre,res,res@duration,res@size,upnp:albumArtURI,upnp:rating,upnp:lastPlaybackPosition,upnp:lastPlaybackTime,upnp:playbackCount,upnp:originalTrackNumber,upnp:episodeNumber,upnp:programTitle,upnp:seriesTitle,upnp:album,upnp:artist,upnp:author,upnp:director,dc:publisher,searchable,childCount,dc:title,dc:creator,upnp:actor,res@resolution,upnp:episodeCount,upnp:episodeSeason,xbmc:lastPlayerState,xbmc:dateadded,xbmc:rating,xbmc:votes,xbmc:artwork,xbmc:uniqueidentifier,xbmc:country,xbmc:userrating
 * SortCriteria: (null)
[2021/04/01 23:54:24] src/upnpsoap.c:377: debug: Browse SQL: SELECT OBJECT_ID, PARENT_ID, ID, CLASS, SIZE, TITLE, MIME from OBJECTS where OBJECT_ID = '64$0$1';
[2021/04/01 23:54:24] src/upnphttp.c:852: debug: HTTP RESPONSE: HTTP/1.1 200 OK
Content-Type: text/xml; charset="utf-8"
Connection: close
Content-Length: 876
Server: 5.4.0-26-generic DLNADOC/1.50 UPnP/1.0 MiniDLNA/1.2.1
Date: Thu, 01 Apr 2021 21:54:24 GMT
EXT:

<?xml version="1.0" encoding="utf-8"?>
<s:Envelope xmlns:s="http://schemas.xmlsoap.org/soap/envelope/" s:encodingStyle="http://schemas.xmlsoap.org/soap/encoding/"><s:Body><u:BrowseResponse xmlns:u="urn:schemas-upnp-org:service:ContentDirectory:1"><Result>&lt;DIDL-Lite xmlns:dc="http://purl.org/dc/elements/1.1/" xmlns:upnp="urn:schemas-upnp-org:metadata-1-0/upnp/" xmlns="urn:schemas-upnp-org:metadata-1-0/DIDL-Lite/"&gt;
&lt;item id="64$0$1" parentID="64$0" restricted="1"&gt;&lt;dc:title&gt;bbb_sunflower_1080p_30fps_normal&lt;/dc:title&gt;&lt;upnp:class&gt;object.item.videoItem&lt;/upnp:class&gt;&lt;res protocolInfo="http-get:*:video/mp4:*"&gt;http://192.168.1.11:8200/MediaItems/5.mp4&lt;/res&gt;&lt;/item&gt;&lt;/DIDL-Lite&gt;</Result>
<NumberReturned>1</NumberReturned>
<TotalMatches>1</TotalMatches>
<UpdateID>1</UpdateID></u:BrowseResponse></s:Body></s:Envelope>

[2021/04/01 23:54:24] src/minidlna.c:628: debug: HTTP connection from 192.168.1.11:46776
[2021/04/01 23:54:24] src/upnphttp.c:608: debug: HTTP REQUEST: HEAD /MediaItems/5.mp4 HTTP/1.1
Host: 192.168.1.11:8200
User-Agent: Kodi/18.9 (X11; Linux x86_64) Ubuntu/20.04 App_Bitness/64 Version/18.9-(18.9.0)-Git:20201024-0655c2c718
Accept: */*
Accept-Encoding: deflate, gzip, br
Accept-Charset: UTF-8,*;q=0.8


[2021/04/01 23:54:24] src/upnphttp.c:1025: info: Serving DetailID: 5 [/home/kgrze/dev/dlna/content/BBB/bbb_sunflower_1080p_30fps_normal.mp4]
[2021/04/01 23:54:24] src/minidlna.c:628: debug: HTTP connection from 192.168.1.11:46778
[2021/04/01 23:54:24] src/upnphttp.c:246: debug: Range Start-End: 0 - -1
[2021/04/01 23:54:24] src/upnphttp.c:608: debug: HTTP REQUEST: GET /MediaItems/5.mp4 HTTP/1.1
Host: 192.168.1.11:8200
Range: bytes=0-
User-Agent: Kodi/18.9 (X11; Linux x86_64) Ubuntu/20.04 App_Bitness/64 Version/18.9-(18.9.0)-Git:20201024-0655c2c718
Accept: */*
Accept-Encoding: deflate, gzip, br
Accept-Charset: UTF-8,*;q=0.8


[2021/04/01 23:54:24] src/upnphttp.c:1025: info: Serving DetailID: 5 [/home/kgrze/dev/dlna/content/BBB/bbb_sunflower_1080p_30fps_normal.mp4]
[2021/04/01 23:54:24] src/upnphttp.c:908: debug: sent 438272 bytes to 11. offset is now 438272.
[2021/04/01 23:54:24] src/upnphttp.c:901: debug: sendfile error :: error no. 32 [Broken pipe]
[2021/04/01 23:54:24] src/minidlna.c:628: debug: HTTP connection from 192.168.1.11:46780
[2021/04/01 23:54:24] src/upnphttp.c:246: debug: Range Start-End: 0 - -1
[2021/04/01 23:54:24] src/upnphttp.c:608: debug: HTTP REQUEST: GET /MediaItems/5.mp4 HTTP/1.1
Host: 192.168.1.11:8200
Range: bytes=0-
User-Agent: Kodi/18.9 (X11; Linux x86_64) Ubuntu/20.04 App_Bitness/64 Version/18.9-(18.9.0)-Git:20201024-0655c2c718
Accept: */*
Accept-Encoding: deflate, gzip, br
Accept-Charset: UTF-8,*;q=0.8


[2021/04/01 23:54:24] src/upnphttp.c:1025: info: Serving DetailID: 5 [/home/kgrze/dev/dlna/content/BBB/bbb_sunflower_1080p_30fps_normal.mp4]
[2021/04/01 23:54:24] src/minidlna.c:628: debug: HTTP connection from 192.168.1.11:46782
[2021/04/01 23:54:24] src/upnphttp.c:246: debug: Range Start-End: 276003875 - -1
[2021/04/01 23:54:24] src/upnphttp.c:608: debug: HTTP REQUEST: GET /MediaItems/5.mp4 HTTP/1.1
Host: 192.168.1.11:8200
Range: bytes=276003875-
User-Agent: Kodi/18.9 (X11; Linux x86_64) Ubuntu/20.04 App_Bitness/64 Version/18.9-(18.9.0)-Git:20201024-0655c2c718
Accept: */*
Accept-Encoding: deflate, gzip, br
Accept-Charset: UTF-8,*;q=0.8


[2021/04/01 23:54:24] src/upnphttp.c:1025: info: Serving DetailID: 5 [/home/kgrze/dev/dlna/content/BBB/bbb_sunflower_1080p_30fps_normal.mp4]
[2021/04/01 23:54:24] src/upnphttp.c:908: debug: sent 131072 bytes to 11. offset is now 276134947.
[2021/04/01 23:54:27] src/upnphttp.c:908: debug: sent 19516001 bytes to 11. offset is now 19516001.
[2021/04/01 23:54:27] src/upnphttp.c:901: debug: sendfile error :: error no. 32 [Broken pipe]
[2021/04/01 23:54:28] src/minidlna.c:628: debug: HTTP connection from 192.168.1.11:46784
[2021/04/01 23:54:28] src/upnphttp.c:608: debug: HTTP REQUEST: POST /ctl/ContentDir HTTP/1.1
SOAPAction: "urn:schemas-upnp-org:service:ContentDirectory:1#UpdateObject"
User-Agent: UPnP/1.0 DLNADOC/1.50 Platinum/1.0.5.13
Host: 192.168.1.11:8200
Content-Length: 379
Content-Type: text/xml; charset="utf-8"

<?xml version="1.0" encoding="UTF-8"?>
<s:Envelope s:encodingStyle="http://schemas.xmlsoap.org/soap/encoding/" xmlns:s="http://schemas.xmlsoap.org/soap/envelope/"><s:Body><u:UpdateObject xmlns:u="urn:schemas-upnp-org:service:ContentDirectory:1"><ObjectID>64%240%241/</ObjectID><CurrentTagValue></CurrentTagValue><NewTagValue></NewTagValue></u:UpdateObject></s:Body></s:Envelope>
[2021/04/01 23:54:28] src/upnphttp.c:507: debug: SOAPAction: urn:schemas-upnp-org:service:ContentDirectory:1#UpdateObject
[2021/04/01 23:54:28] src/upnpsoap.c:453: debug: SoapMethod: UpdateObject
[2021/04/01 23:54:28] src/upnpsoap.c:465: warn: SoapMethod: Unknown: UpdateObject
[2021/04/01 23:54:28] src/upnpsoap.c:122: warn: Returning UPnPError 401: Invalid Action
[2021/04/01 23:54:28] src/upnphttp.c:852: debug: HTTP RESPONSE: HTTP/1.1 500 Internal Server Error
Content-Type: text/xml; charset="utf-8"
Connection: close
Content-Length: 398
Server: 5.4.0-26-generic DLNADOC/1.50 UPnP/1.0 MiniDLNA/1.2.1
Date: Thu, 01 Apr 2021 21:54:28 GMT
EXT:

<s:Envelope xmlns:s="http://schemas.xmlsoap.org/soap/envelope/" s:encodingStyle="http://schemas.xmlsoap.org/soap/encoding/"><s:Body><s:Fault><faultcode>s:Client</faultcode><faultstring>UPnPError</faultstring><detail><UPnPError xmlns="urn:schemas-upnp-org:control-1-0"><errorCode>401</errorCode><errorDescription>Invalid Action</errorDescription></UPnPError></detail></s:Fault></s:Body></s:Envelope>
[2021/04/01 23:54:32] src/minidlna.c:628: debug: HTTP connection from 192.168.1.11:46790
[2021/04/01 23:54:32] src/upnphttp.c:608: debug: HTTP REQUEST: POST /ctl/ContentDir HTTP/1.1
SOAPAction: "urn:schemas-upnp-org:service:ContentDirectory:1#Browse"
User-Agent: UPnP/1.0 DLNADOC/1.50 Platinum/1.0.5.13
Host: 192.168.1.11:8200
Content-Length: 1002
Content-Type: text/xml; charset="utf-8"

<?xml version="1.0" encoding="UTF-8"?>
<s:Envelope s:encodingStyle="http://schemas.xmlsoap.org/soap/encoding/" xmlns:s="http://schemas.xmlsoap.org/soap/envelope/"><s:Body><u:Browse xmlns:u="urn:schemas-upnp-org:service:ContentDirectory:1"><ObjectID>64$1</ObjectID><BrowseFlag>BrowseDirectChildren</BrowseFlag><Filter>dc:date,dc:description,upnp:longDescription,upnp:genre,res,res@duration,res@size,upnp:albumArtURI,upnp:rating,upnp:lastPlaybackPosition,upnp:lastPlaybackTime,upnp:playbackCount,upnp:originalTrackNumber,upnp:episodeNumber,upnp:programTitle,upnp:seriesTitle,upnp:album,upnp:artist,upnp:author,upnp:director,dc:publisher,searchable,childCount,dc:title,dc:creator,upnp:actor,res@resolution,upnp:episodeCount,upnp:episodeSeason,xbmc:lastPlayerState,xbmc:dateadded,xbmc:rating,xbmc:votes,xbmc:artwork,xbmc:uniqueidentifier,xbmc:country,xbmc:userrating</Filter><StartingIndex>0</StartingIndex><RequestedCount>200</RequestedCount><SortCriteria></SortCriteria></u:Browse></s:Body></s:Envelope>
[2021/04/01 23:54:32] src/upnphttp.c:507: debug: SOAPAction: urn:schemas-upnp-org:service:ContentDirectory:1#Browse
[2021/04/01 23:54:32] src/upnpsoap.c:453: debug: SoapMethod: Browse
[2021/04/01 23:54:32] src/upnpsoap.c:361: debug: Browsing ContentDirectory:
 * ObjectID: 64$1
 * Count: 200
 * StartingIndex: 0
 * BrowseFlag: BrowseDirectChildren
 * Filter: dc:date,dc:description,upnp:longDescription,upnp:genre,res,res@duration,res@size,upnp:albumArtURI,upnp:rating,upnp:lastPlaybackPosition,upnp:lastPlaybackTime,upnp:playbackCount,upnp:originalTrackNumber,upnp:episodeNumber,upnp:programTitle,upnp:seriesTitle,upnp:album,upnp:artist,upnp:author,upnp:director,dc:publisher,searchable,childCount,dc:title,dc:creator,upnp:actor,res@resolution,upnp:episodeCount,upnp:episodeSeason,xbmc:lastPlayerState,xbmc:dateadded,xbmc:rating,xbmc:votes,xbmc:artwork,xbmc:uniqueidentifier,xbmc:country,xbmc:userrating
 * SortCriteria: (null)
[2021/04/01 23:54:32] src/upnpsoap.c:399: debug: Browse SQL: SELECT OBJECT_ID, PARENT_ID, ID, CLASS, SIZE, TITLE, MIME from OBJECTS where PARENT_ID = '64$1'  limit 0, 200;
[2021/04/01 23:54:32] src/upnphttp.c:852: debug: HTTP RESPONSE: HTTP/1.1 200 OK
Content-Type: text/xml; charset="utf-8"
Connection: close
Content-Length: 2262
Server: 5.4.0-26-generic DLNADOC/1.50 UPnP/1.0 MiniDLNA/1.2.1
Date: Thu, 01 Apr 2021 21:54:32 GMT
EXT:

<?xml version="1.0" encoding="utf-8"?>
<s:Envelope xmlns:s="http://schemas.xmlsoap.org/soap/envelope/" s:encodingStyle="http://schemas.xmlsoap.org/soap/encoding/"><s:Body><u:BrowseResponse xmlns:u="urn:schemas-upnp-org:service:ContentDirectory:1"><Result>&lt;DIDL-Lite xmlns:dc="http://purl.org/dc/elements/1.1/" xmlns:upnp="urn:schemas-upnp-org:metadata-1-0/upnp/" xmlns="urn:schemas-upnp-org:metadata-1-0/DIDL-Lite/"&gt;
&lt;item id="64$1$0" parentID="64$1" restricted="1"&gt;&lt;dc:title&gt;justice&lt;/dc:title&gt;&lt;upnp:class&gt;object.item.videoItem&lt;/upnp:class&gt;&lt;res protocolInfo="http-get:*:video/mp4:*"&gt;http://192.168.1.11:8200/MediaItems/7.mp4&lt;/res&gt;&lt;/item&gt;&lt;item id="64$1$1" parentID="64$1" restricted="1"&gt;&lt;dc:title&gt;Justice.League.Dark.Apokolips.War.2020.1080p.WEBRip.x264-RARBG&lt;/dc:title&gt;&lt;upnp:class&gt;object.item.videoItem&lt;/upnp:class&gt;&lt;res protocolInfo="http-get:*:video/mp4:*"&gt;http://192.168.1.11:8200/MediaItems/8.mp4&lt;/res&gt;&lt;/item&gt;&lt;item id="64$1$2" parentID="64$1" restricted="1"&gt;&lt;dc:title&gt;justice&lt;/dc:title&gt;&lt;upnp:class&gt;object.item.videoItem&lt;/upnp:class&gt;&lt;res protocolInfo="http-get:*:video/mp4:*"&gt;http://192.168.1.11:8200/MediaItems/9.mp4&lt;/res&gt;&lt;/item&gt;&lt;item id="64$1$3" parentID="64$1" restricted="1"&gt;&lt;dc:title&gt;justice_mp4&lt;/dc:title&gt;&lt;upnp:class&gt;object.item.videoItem&lt;/upnp:class&gt;&lt;res protocolInfo="http-get:*:video/mp4:*"&gt;http://192.168.1.11:8200/MediaItems/10.mp4&lt;/res&gt;&lt;/item&gt;&lt;item id="64$1$4" parentID="64$1" restricted="1"&gt;&lt;dc:title&gt;output&lt;/dc:title&gt;&lt;upnp:class&gt;object.item.videoItem&lt;/upnp:class&gt;&lt;res protocolInfo="http-get:*:video/mp4:*"&gt;http://192.168.1.11:8200/MediaItems/11.mp4&lt;/res&gt;&lt;/item&gt;&lt;item id="64$1$5" parentID="64$1" restricted="1"&gt;&lt;dc:title&gt;output_xvid&lt;/dc:title&gt;&lt;upnp:class&gt;object.item.videoItem&lt;/upnp:class&gt;&lt;res protocolInfo="http-get:*:video/x-msvideo:*"&gt;http://192.168.1.11:8200/MediaItems/12.avi&lt;/res&gt;&lt;/item&gt;&lt;/DIDL-Lite&gt;</Result>
<NumberReturned>6</NumberReturned>
<TotalMatches>6</TotalMatches>
<UpdateID>1</UpdateID></u:BrowseResponse></s:Body></s:Envelope>

[2021/04/01 23:54:34] src/minidlna.c:628: debug: HTTP connection from 192.168.1.11:46792
[2021/04/01 23:54:34] src/upnphttp.c:608: debug: HTTP REQUEST: POST /ctl/ContentDir HTTP/1.1
SOAPAction: "urn:schemas-upnp-org:service:ContentDirectory:1#Browse"
User-Agent: UPnP/1.0 DLNADOC/1.50 Platinum/1.0.5.13
Host: 192.168.1.11:8200
Content-Length: 996
Content-Type: text/xml; charset="utf-8"


[2021/04/01 23:54:34] src/upnphttp.c:507: debug: SOAPAction: urn:schemas-upnp-org:service:ContentDirectory:1#Browse
[2021/04/01 23:54:34] src/upnpsoap.c:453: debug: SoapMethod: Browse
[2021/04/01 23:54:34] src/upnpsoap.c:361: debug: Browsing ContentDirectory:
 * ObjectID: 64$1$0
 * Count: 1
 * StartingIndex: 0
 * BrowseFlag: BrowseMetadata
 * Filter: dc:date,dc:description,upnp:longDescription,upnp:genre,res,res@duration,res@size,upnp:albumArtURI,upnp:rating,upnp:lastPlaybackPosition,upnp:lastPlaybackTime,upnp:playbackCount,upnp:originalTrackNumber,upnp:episodeNumber,upnp:programTitle,upnp:seriesTitle,upnp:album,upnp:artist,upnp:author,upnp:director,dc:publisher,searchable,childCount,dc:title,dc:creator,upnp:actor,res@resolution,upnp:episodeCount,upnp:episodeSeason,xbmc:lastPlayerState,xbmc:dateadded,xbmc:rating,xbmc:votes,xbmc:artwork,xbmc:uniqueidentifier,xbmc:country,xbmc:userrating
 * SortCriteria: (null)
[2021/04/01 23:54:34] src/upnpsoap.c:377: debug: Browse SQL: SELECT OBJECT_ID, PARENT_ID, ID, CLASS, SIZE, TITLE, MIME from OBJECTS where OBJECT_ID = '64$1$0';
[2021/04/01 23:54:34] src/upnphttp.c:852: debug: HTTP RESPONSE: HTTP/1.1 200 OK
Content-Type: text/xml; charset="utf-8"
Connection: close
Content-Length: 851
Server: 5.4.0-26-generic DLNADOC/1.50 UPnP/1.0 MiniDLNA/1.2.1
Date: Thu, 01 Apr 2021 21:54:34 GMT
EXT:

<?xml version="1.0" encoding="utf-8"?>
<s:Envelope xmlns:s="http://schemas.xmlsoap.org/soap/envelope/" s:encodingStyle="http://schemas.xmlsoap.org/soap/encoding/"><s:Body><u:BrowseResponse xmlns:u="urn:schemas-upnp-org:service:ContentDirectory:1"><Result>&lt;DIDL-Lite xmlns:dc="http://purl.org/dc/elements/1.1/" xmlns:upnp="urn:schemas-upnp-org:metadata-1-0/upnp/" xmlns="urn:schemas-upnp-org:metadata-1-0/DIDL-Lite/"&gt;
&lt;item id="64$1$0" parentID="64$1" restricted="1"&gt;&lt;dc:title&gt;justice&lt;/dc:title&gt;&lt;upnp:class&gt;object.item.videoItem&lt;/upnp:class&gt;&lt;res protocolInfo="http-get:*:video/mp4:*"&gt;http://192.168.1.11:8200/MediaItems/7.mp4&lt;/res&gt;&lt;/item&gt;&lt;/DIDL-Lite&gt;</Result>
<NumberReturned>1</NumberReturned>
<TotalMatches>1</TotalMatches>
<UpdateID>1</UpdateID></u:BrowseResponse></s:Body></s:Envelope>

[2021/04/01 23:54:34] src/minidlna.c:628: debug: HTTP connection from 192.168.1.11:46794
[2021/04/01 23:54:34] src/upnphttp.c:608: debug: HTTP REQUEST: HEAD /MediaItems/7.mp4 HTTP/1.1
Host: 192.168.1.11:8200
User-Agent: Kodi/18.9 (X11; Linux x86_64) Ubuntu/20.04 App_Bitness/64 Version/18.9-(18.9.0)-Git:20201024-0655c2c718
Accept: */*
Accept-Encoding: deflate, gzip, br
Accept-Charset: UTF-8,*;q=0.8


[2021/04/01 23:54:34] src/upnphttp.c:1025: info: Serving DetailID: 7 [/home/kgrze/dev/dlna/content/justice/justice.avi]
[2021/04/01 23:54:34] src/minidlna.c:628: debug: HTTP connection from 192.168.1.11:46796
[2021/04/01 23:54:34] src/upnphttp.c:246: debug: Range Start-End: 0 - -1
[2021/04/01 23:54:34] src/upnphttp.c:608: debug: HTTP REQUEST: GET /MediaItems/7.mp4 HTTP/1.1
Host: 192.168.1.11:8200
Range: bytes=0-
User-Agent: Kodi/18.9 (X11; Linux x86_64) Ubuntu/20.04 App_Bitness/64 Version/18.9-(18.9.0)-Git:20201024-0655c2c718
Accept: */*
Accept-Encoding: deflate, gzip, br
Accept-Charset: UTF-8,*;q=0.8


[2021/04/01 23:54:34] src/upnphttp.c:1025: info: Serving DetailID: 7 [/home/kgrze/dev/dlna/content/justice/justice.avi]
[2021/04/01 23:54:34] src/upnphttp.c:908: debug: sent 446464 bytes to 11. offset is now 446464.
[2021/04/01 23:54:34] src/upnphttp.c:901: debug: sendfile error :: error no. 32 [Broken pipe]
[2021/04/01 23:54:34] src/minidlna.c:628: debug: HTTP connection from 192.168.1.11:46798
[2021/04/01 23:54:34] src/upnphttp.c:246: debug: Range Start-End: 0 - -1
[2021/04/01 23:54:34] src/upnphttp.c:608: debug: HTTP REQUEST: GET /MediaItems/7.mp4 HTTP/1.1
Host: 192.168.1.11:8200
Range: bytes=0-
User-Agent: Kodi/18.9 (X11; Linux x86_64) Ubuntu/20.04 App_Bitness/64 Version/18.9-(18.9.0)-Git:20201024-0655c2c718
Accept: */*
Accept-Encoding: deflate, gzip, br
Accept-Charset: UTF-8,*;q=0.8


[2021/04/01 23:54:34] src/upnphttp.c:1025: info: Serving DetailID: 7 [/home/kgrze/dev/dlna/content/justice/justice.avi]
[2021/04/01 23:54:34] src/minidlna.c:628: debug: HTTP connection from 192.168.1.11:46800
[2021/04/01 23:54:34] src/upnphttp.c:246: debug: Range Start-End: 61582856 - -1
[2021/04/01 23:54:34] src/upnphttp.c:608: debug: HTTP REQUEST: GET /MediaItems/7.mp4 HTTP/1.1
Host: 192.168.1.11:8200
Range: bytes=61582856-
User-Agent: Kodi/18.9 (X11; Linux x86_64) Ubuntu/20.04 App_Bitness/64 Version/18.9-(18.9.0)-Git:20201024-0655c2c718
Accept: */*
Accept-Encoding: deflate, gzip, br
Accept-Charset: UTF-8,*;q=0.8


[2021/04/01 23:54:34] src/upnphttp.c:1025: info: Serving DetailID: 7 [/home/kgrze/dev/dlna/content/justice/justice.avi]
[2021/04/01 23:54:34] src/upnphttp.c:908: debug: sent 131072 bytes to 11. offset is now 61713928.
[2021/04/01 23:54:40] src/upnphttp.c:908: debug: sent 29665866 bytes to 11. offset is now 29665866.
[2021/04/01 23:54:40] src/upnphttp.c:901: debug: sendfile error :: error no. 32 [Broken pipe]
[2021/04/01 23:54:40] src/minidlna.c:628: debug: HTTP connection from 192.168.1.11:46804
[2021/04/01 23:54:40] src/upnphttp.c:608: debug: HTTP REQUEST: POST /ctl/ContentDir HTTP/1.1
SOAPAction: "urn:schemas-upnp-org:service:ContentDirectory:1#UpdateObject"
User-Agent: UPnP/1.0 DLNADOC/1.50 Platinum/1.0.5.13
Host: 192.168.1.11:8200
Content-Length: 379
Content-Type: text/xml; charset="utf-8"


[2021/04/01 23:54:40] src/upnphttp.c:507: debug: SOAPAction: urn:schemas-upnp-org:service:ContentDirectory:1#UpdateObject
[2021/04/01 23:54:40] src/upnpsoap.c:453: debug: SoapMethod: UpdateObject
[2021/04/01 23:54:40] src/upnpsoap.c:465: warn: SoapMethod: Unknown: UpdateObject
[2021/04/01 23:54:40] src/upnpsoap.c:122: warn: Returning UPnPError 401: Invalid Action
[2021/04/01 23:54:40] src/upnphttp.c:852: debug: HTTP RESPONSE: HTTP/1.1 500 Internal Server Error
Content-Type: text/xml; charset="utf-8"
Connection: close
Content-Length: 398
Server: 5.4.0-26-generic DLNADOC/1.50 UPnP/1.0 MiniDLNA/1.2.1
Date: Thu, 01 Apr 2021 21:54:40 GMT
EXT:

<s:Envelope xmlns:s="http://schemas.xmlsoap.org/soap/envelope/" s:encodingStyle="http://schemas.xmlsoap.org/soap/encoding/"><s:Body><s:Fault><faultcode>s:Client</faultcode><faultstring>UPnPError</faultstring><detail><UPnPError xmlns="urn:schemas-upnp-org:control-1-0"><errorCode>401</errorCode><errorDescription>Invalid Action</errorDescription></UPnPError></detail></s:Fault></s:Body></s:Envelope>
[2021/04/01 23:54:47] src/minidlna.c:146: warn: received signal 2, good-bye
[2021/04/01 23:54:47] src/minissdp.c:579: maxdebug: Sending ssdp:byebye [9]
[2021/04/01 23:54:47] src/minissdp.c:579: maxdebug: Sending ssdp:byebye [9]
[2021/04/01 23:54:47] src/minissdp.c:579: maxdebug: Sending ssdp:byebye [9]
[2021/04/01 23:54:47] src/minissdp.c:579: maxdebug: Sending ssdp:byebye [9]
[2021/04/01 23:54:47] src/minissdp.c:579: maxdebug: Sending ssdp:byebye [9]
[2021/04/01 23:54:47] src/minissdp.c:579: maxdebug: Sending ssdp:byebye [9]
[2021/04/01 23:54:47] src/minissdp.c:579: maxdebug: Sending ssdp:byebye [9]
[2021/04/01 23:54:47] src/minissdp.c:579: maxdebug: Sending ssdp:byebye [9]
[2021/04/01 23:54:47] src/minissdp.c:579: maxdebug: Sending ssdp:byebye [9]
[2021/04/01 23:54:47] src/minissdp.c:579: maxdebug: Sending ssdp:byebye [9]
