[2021/04/01 23:55:20] src/minidlna.c:455: warn: Starting MiniDLNA version 1.2.1.
[2021/04/01 23:55:20] src/minidlna.c:221: warn: Creating new database at ./cache/db/files.db
[2021/04/01 23:55:20] src/scanner.c:193: warn: Scanning /home/kgrze/dev/dlna/content
[2021/04/01 23:55:20] src/scanner.c:193: info: Scanning /home/kgrze/dev/dlna/content/BBB
[2021/04/01 23:55:20] src/metadata.c:58: debug: Parsing video bbb_h264_mp4.mp4...
[2021/04/01 23:55:20] src/metadata.c:61: debug:  * size: 16324771
[2021/04/01 23:55:20] src/metadata.c:88: debug: Container: 'mov,mp4,m4a,3gp,3g2,mj2' [bbb_h264_mp4.mp4]
[2021/04/01 23:55:20] src/metadata.c:58: debug: Parsing video bbb_sunflower_1080p_30fps_normal.mp4...
[2021/04/01 23:55:20] src/metadata.c:61: debug:  * size: 276134947
[2021/04/01 23:55:20] src/metadata.c:88: debug: Container: 'mov,mp4,m4a,3gp,3g2,mj2' [bbb_sunflower_1080p_30fps_normal.mp4]
[2021/04/01 23:55:20] src/scanner.c:193: info: Scanning /home/kgrze/dev/dlna/content/justice
[2021/04/01 23:55:20] src/metadata.c:58: debug: Parsing video justice.avi...
[2021/04/01 23:55:20] src/metadata.c:61: debug:  * size: 61713928
[2021/04/01 23:55:20] src/metadata.c:88: debug: Container: 'mov,mp4,m4a,3gp,3g2,mj2' [justice.avi]
[2021/04/01 23:55:20] src/metadata.c:58: debug: Parsing video Justice.League.Dark.Apokolips.War.2020.1080p.WEBRip.x264-RARBG.mp4...
[2021/04/01 23:55:20] src/metadata.c:61: debug:  * size: 1845397812
[2021/04/01 23:55:20] src/metadata.c:88: debug: Container: 'mov,mp4,m4a,3gp,3g2,mj2' [Justice.League.Dark.Apokolips.War.2020.1080p.WEBRip.x264-RARBG.mp4]
[2021/04/01 23:55:20] src/metadata.c:58: debug: Parsing video justice.mp4...
[2021/04/01 23:55:20] src/metadata.c:61: debug:  * size: 28258453
[2021/04/01 23:55:20] src/metadata.c:88: debug: Container: 'mov,mp4,m4a,3gp,3g2,mj2' [justice.mp4]
[2021/04/01 23:55:20] src/metadata.c:58: debug: Parsing video justice_mp4.mp4...
[2021/04/01 23:55:20] src/metadata.c:61: debug:  * size: 61713928
[2021/04/01 23:55:20] src/metadata.c:88: debug: Container: 'mov,mp4,m4a,3gp,3g2,mj2' [justice_mp4.mp4]
[2021/04/01 23:55:20] src/metadata.c:58: debug: Parsing video output.mp4...
[2021/04/01 23:55:20] src/metadata.c:61: debug:  * size: 19686814
[2021/04/01 23:55:20] src/metadata.c:88: debug: Container: 'mov,mp4,m4a,3gp,3g2,mj2' [output.mp4]
[2021/04/01 23:55:20] src/metadata.c:58: debug: Parsing video output_xvid.avi...
[2021/04/01 23:55:20] src/metadata.c:61: debug:  * size: 12932418
[2021/04/01 23:55:20] src/metadata.c:88: debug: Container: 'avi' [output_xvid.avi]
[2021/04/01 23:55:20] src/scanner.c:193: info: Scanning /home/kgrze/dev/dlna/content/Sintel
[2021/04/01 23:55:20] src/metadata.c:58: debug: Parsing video Sintel.2010.1080p.mkv...
[2021/04/01 23:55:20] src/metadata.c:61: debug:  * size: 1172428172
[2021/04/01 23:55:20] src/metadata.c:88: debug: Container: 'matroska,webm' [Sintel.2010.1080p.mkv]
[2021/04/01 23:55:20] src/scanner.c:193: info: Scanning /home/kgrze/dev/dlna/content/Tears of steel
[2021/04/01 23:55:20] src/metadata.c:58: debug: Parsing video tears_of_steel_1080p.mov...
[2021/04/01 23:55:20] src/metadata.c:61: debug:  * size: 583774083
[2021/04/01 23:55:20] src/metadata.c:88: debug: Container: 'mov,mp4,m4a,3gp,3g2,mj2' [tears_of_steel_1080p.mov]
[2021/04/01 23:55:20] src/scanner.c:193: info: Scanning /home/kgrze/dev/dlna/content/tv_series
[2021/04/01 23:55:20] src/scanner.c:193: info: Scanning /home/kgrze/dev/dlna/content/tv_series/s1
[2021/04/01 23:55:20] src/metadata.c:58: debug: Parsing video bbb_sunflower_1080p_30fps_normal.mp4...
[2021/04/01 23:55:20] src/metadata.c:61: debug:  * size: 276134947
[2021/04/01 23:55:20] src/metadata.c:88: debug: Container: 'mov,mp4,m4a,3gp,3g2,mj2' [bbb_sunflower_1080p_30fps_normal.mp4]
[2021/04/01 23:55:20] src/scanner.c:193: info: Scanning /home/kgrze/dev/dlna/content/tv_series/s2
[2021/04/01 23:55:20] src/metadata.c:58: debug: Parsing video sinter_h264_mp4.mp4...
[2021/04/01 23:55:20] src/metadata.c:61: debug:  * size: 3207380
[2021/04/01 23:55:20] src/metadata.c:88: debug: Container: 'mov,mp4,m4a,3gp,3g2,mj2' [sinter_h264_mp4.mp4]
[2021/04/01 23:55:20] src/metadata.c:58: debug: Parsing video sinter.mkv...
[2021/04/01 23:55:20] src/metadata.c:61: debug:  * size: 1172428172
[2021/04/01 23:55:20] src/metadata.c:88: debug: Container: 'matroska,webm' [sinter.mkv]
[2021/04/01 23:55:20] src/metadata.c:58: debug: Parsing video sinter_mp4.mp4...
[2021/04/01 23:55:20] src/metadata.c:61: debug:  * size: 1172875720
[2021/04/01 23:55:20] src/metadata.c:88: debug: Container: 'mov,mp4,m4a,3gp,3g2,mj2' [sinter_mp4.mp4]
[2021/04/01 23:55:20] src/scanner.c:249: warn: Scanning /home/kgrze/dev/dlna/content finished (14 files)!
[2021/04/01 23:55:20] src/scanner.c:272: debug: Initial file scan completed
[2021/04/01 23:55:20] src/minidlna.c:481: warn: HTTP listening on port 8200
[2021/04/01 23:55:20] src/getifaddr.c:302: info: Enabling interface 192.168.1.11/255.255.255.0
[2021/04/01 23:55:20] src/minissdp.c:579: maxdebug: Sending ssdp:byebye [9]
[2021/04/01 23:55:20] src/minissdp.c:579: maxdebug: Sending ssdp:byebye [9]
[2021/04/01 23:55:20] src/minissdp.c:579: maxdebug: Sending ssdp:byebye [9]
[2021/04/01 23:55:20] src/minissdp.c:579: maxdebug: Sending ssdp:byebye [9]
[2021/04/01 23:55:20] src/minissdp.c:579: maxdebug: Sending ssdp:byebye [9]
[2021/04/01 23:55:20] src/minissdp.c:579: maxdebug: Sending ssdp:byebye [9]
[2021/04/01 23:55:20] src/minissdp.c:579: maxdebug: Sending ssdp:byebye [9]
[2021/04/01 23:55:20] src/minissdp.c:579: maxdebug: Sending ssdp:byebye [9]
[2021/04/01 23:55:20] src/minissdp.c:579: maxdebug: Sending ssdp:byebye [9]
[2021/04/01 23:55:20] src/minissdp.c:579: maxdebug: Sending ssdp:byebye [9]
[2021/04/01 23:55:20] src/minissdp.c:275: maxdebug: Sending ssdp:alive [9]
[2021/04/01 23:55:20] src/minissdp.c:275: maxdebug: Sending ssdp:alive [9]
[2021/04/01 23:55:20] src/minissdp.c:275: maxdebug: Sending ssdp:alive [9]
[2021/04/01 23:55:20] src/minissdp.c:275: maxdebug: Sending ssdp:alive [9]
[2021/04/01 23:55:20] src/minissdp.c:275: maxdebug: Sending ssdp:alive [9]
[2021/04/01 23:55:20] src/minissdp.c:275: maxdebug: Sending ssdp:alive [9]
[2021/04/01 23:55:20] src/minissdp.c:275: maxdebug: Sending ssdp:alive [9]
[2021/04/01 23:55:20] src/minissdp.c:275: maxdebug: Sending ssdp:alive [9]
[2021/04/01 23:55:20] src/minissdp.c:275: maxdebug: Sending ssdp:alive [9]
[2021/04/01 23:55:20] src/minissdp.c:275: maxdebug: Sending ssdp:alive [9]
[2021/04/01 23:55:48] src/minissdp.c:480: debug: SSDP M-SEARCH from 192.168.1.15:57157 ST: ssdp:all, MX: 5, MAN: "ssdp:discover"
[2021/04/01 23:55:48] src/minissdp.c:220: debug: Sending M-SEARCH response to 192.168.1.15:57157 ST: uuid:4d696e69-444c-164e-9d41-54ab3aa53c53
[2021/04/01 23:55:48] src/minissdp.c:220: debug: Sending M-SEARCH response to 192.168.1.15:57157 ST: upnp:rootdevice
[2021/04/01 23:55:48] src/minissdp.c:220: debug: Sending M-SEARCH response to 192.168.1.15:57157 ST: urn:schemas-upnp-org:device:MediaServer:
[2021/04/01 23:55:48] src/minissdp.c:220: debug: Sending M-SEARCH response to 192.168.1.15:57157 ST: urn:schemas-upnp-org:service:ContentDirectory:
[2021/04/01 23:55:48] src/minissdp.c:220: debug: Sending M-SEARCH response to 192.168.1.15:57157 ST: urn:schemas-upnp-org:service:ConnectionManager:
[2021/04/01 23:55:48] src/minissdp.c:480: debug: SSDP M-SEARCH from 192.168.1.15:57157 ST: urn:schemas-upnp-org:device:MediaServer:1, MX: 5, MAN: "ssdp:discover"
[2021/04/01 23:55:48] src/minissdp.c:220: debug: Sending M-SEARCH response to 192.168.1.15:57157 ST: urn:schemas-upnp-org:device:MediaServer:
[2021/04/01 23:55:48] src/minidlna.c:628: debug: HTTP connection from 192.168.1.15:50160
[2021/04/01 23:55:48] src/upnphttp.c:608: debug: HTTP REQUEST: GET /rootDesc.xml HTTP/1.1
Host: 192.168.1.11:8200
Accept: */*
Accept-Language: en-us
Connection: keep-alive
Accept-Encoding: gzip, deflate
User-Agent: VLC%20for%20iOS/375 CFNetwork/1220.1 Darwin/20.3.0


[2021/04/01 23:55:48] src/upnphttp.c:852: debug: HTTP RESPONSE: HTTP/1.1 200 OK
Content-Type: text/xml; charset="utf-8"
Connection: close
Content-Length: 1349
Server: 5.4.0-26-generic DLNADOC/1.50 UPnP/1.0 MiniDLNA/1.2.1
Content-Language: en
Date: Thu, 01 Apr 2021 21:55:48 GMT
EXT:

<?xml version="1.0"?>
<root xmlns="urn:schemas-upnp-org:device-1-0"><specVersion><major>1</major><minor>0</minor></specVersion><device><deviceType>urn:schemas-upnp-org:device:MediaServer:1</deviceType><friendlyName>DLNA_TEST_KGRZE</friendlyName><manufacturer>Justin Maggard</manufacturer><manufacturerURL>http://www.netgear.com/</manufacturerURL><modelDescription>MiniDLNA on Linux</modelDescription><modelName>Windows Media Connect compatible (MiniDLNA)</modelName><modelNumber>1.2.1</modelNumber><modelURL>http://www.netgear.com</modelURL><serialNumber>00000000</serialNumber><UDN>uuid:4d696e69-444c-164e-9d41-54ab3aa53c53</UDN><dlna:X_DLNADOC xmlns:dlna="urn:schemas-dlna-org:device-1-0">DMS-1.50</dlna:X_DLNADOC><presentationURL>/</presentationURL><serviceList><service><serviceType>urn:schemas-upnp-org:service:ContentDirectory:1</serviceType><serviceId>urn:upnp-org:serviceId:ContentDirectory</serviceId><controlURL>/ctl/ContentDir</controlURL><eventSubURL>/evt/ContentDir</eventSubURL><SCPDURL>/ContentDir.xml</SCPDURL></service><service><serviceType>urn:schemas-upnp-org:service:ConnectionManager:1</serviceType><serviceId>urn:upnp-org:serviceId:ConnectionManager</serviceId><controlURL>/ctl/ConnectionMgr</controlURL><eventSubURL>/evt/ConnectionMgr</eventSubURL><SCPDURL>/ConnectionMgr.xml</SCPDURL></service></serviceList></device></root>
[2021/04/01 23:55:52] src/minidlna.c:628: debug: HTTP connection from 192.168.1.15:50164
[2021/04/01 23:55:52] src/upnphttp.c:608: debug: HTTP REQUEST: GET /rootDesc.xml HTTP/1.1
Host: 192.168.1.11:8200
Accept: */*
Accept-Language: en-us
Connection: keep-alive
Accept-Encoding: gzip, deflate
User-Agent: VLC%20for%20iOS/375 CFNetwork/1220.1 Darwin/20.3.0


[2021/04/01 23:55:52] src/upnphttp.c:852: debug: HTTP RESPONSE: HTTP/1.1 200 OK
Content-Type: text/xml; charset="utf-8"
Connection: close
Content-Length: 1349
Server: 5.4.0-26-generic DLNADOC/1.50 UPnP/1.0 MiniDLNA/1.2.1
Content-Language: en
Date: Thu, 01 Apr 2021 21:55:52 GMT
EXT:

<?xml version="1.0"?>
<root xmlns="urn:schemas-upnp-org:device-1-0"><specVersion><major>1</major><minor>0</minor></specVersion><device><deviceType>urn:schemas-upnp-org:device:MediaServer:1</deviceType><friendlyName>DLNA_TEST_KGRZE</friendlyName><manufacturer>Justin Maggard</manufacturer><manufacturerURL>http://www.netgear.com/</manufacturerURL><modelDescription>MiniDLNA on Linux</modelDescription><modelName>Windows Media Connect compatible (MiniDLNA)</modelName><modelNumber>1.2.1</modelNumber><modelURL>http://www.netgear.com</modelURL><serialNumber>00000000</serialNumber><UDN>uuid:4d696e69-444c-164e-9d41-54ab3aa53c53</UDN><dlna:X_DLNADOC xmlns:dlna="urn:schemas-dlna-org:device-1-0">DMS-1.50</dlna:X_DLNADOC><presentationURL>/</presentationURL><serviceList><service><serviceType>urn:schemas-upnp-org:service:ContentDirectory:1</serviceType><serviceId>urn:upnp-org:serviceId:ContentDirectory</serviceId><controlURL>/ctl/ContentDir</controlURL><eventSubURL>/evt/ContentDir</eventSubURL><SCPDURL>/ContentDir.xml</SCPDURL></service><service><serviceType>urn:schemas-upnp-org:service:ConnectionManager:1</serviceType><serviceId>urn:upnp-org:serviceId:ConnectionManager</serviceId><controlURL>/ctl/ConnectionMgr</controlURL><eventSubURL>/evt/ConnectionMgr</eventSubURL><SCPDURL>/ConnectionMgr.xml</SCPDURL></service></serviceList></device></root>
[2021/04/01 23:55:52] src/minidlna.c:628: debug: HTTP connection from 192.168.1.15:50166
[2021/04/01 23:55:52] src/upnphttp.c:608: debug: HTTP REQUEST: GET /ContentDir.xml HTTP/1.1
Host: 192.168.1.11:8200
Accept: */*
Accept-Language: en-us
Connection: keep-alive
Accept-Encoding: gzip, deflate
User-Agent: VLC%20for%20iOS/375 CFNetwork/1220.1 Darwin/20.3.0


[2021/04/01 23:55:52] src/upnphttp.c:852: debug: HTTP RESPONSE: HTTP/1.1 200 OK
Content-Type: text/xml; charset="utf-8"
Connection: close
Content-Length: 5686
Server: 5.4.0-26-generic DLNADOC/1.50 UPnP/1.0 MiniDLNA/1.2.1
Content-Language: en
Date: Thu, 01 Apr 2021 21:55:52 GMT
EXT:

<?xml version="1.0"?>
<scpd xmlns="urn:schemas-upnp-org:service-1-0"><specVersion><major>1</major><minor>0</minor></specVersion><actionList><action><name>GetSearchCapabilities</name><argumentList><argument><name>SearchCaps</name><direction>out</direction><relatedStateVariable>SearchCapabilities</relatedStateVariable></argument></argumentList></action><action><name>GetSortCapabilities</name><argumentList><argument><name>SortCaps</name><direction>out</direction><relatedStateVariable>SortCapabilities</relatedStateVariable></argument></argumentList></action><action><name>GetSystemUpdateID</name><argumentList><argument><name>Id</name><direction>out</direction><relatedStateVariable>SystemUpdateID</relatedStateVariable></argument></argumentList></action><action><name>Browse</name><argumentList><argument><name>ObjectID</name><direction>in</direction><relatedStateVariable>A_ARG_TYPE_ObjectID</relatedStateVariable></argument><argument><name>BrowseFlag</name><direction>in</direction><relatedStateVariable>A_ARG_TYPE_BrowseFlag</relatedStateVariable></argument><argument><name>Filter</name><direction>in</direction><relatedStateVariable>A_ARG_TYPE_Filter</relatedStateVariable></argument><argument><name>StartingIndex</name><direction>in</direction><relatedStateVariable>A_ARG_TYPE_Index</relatedStateVariable></argument><argument><name>RequestedCount</name><direction>in</direction><relatedStateVariable>A_ARG_TYPE_Count</relatedStateVariable></argument><argument><name>SortCriteria</name><direction>in</direction><relatedStateVariable>A_ARG_TYPE_SortCriteria</relatedStateVariable></argument><argument><name>Result</name><direction>out</direction><relatedStateVariable>A_ARG_TYPE_Result</relatedStateVariable></argument><argument><name>NumberReturned</name><direction>out</direction><relatedStateVariable>A_ARG_TYPE_Count</relatedStateVariable></argument><argument><name>TotalMatches</name><direction>out</direction><relatedStateVariable>A_ARG_TYPE_Count</relatedStateVariable></argument><argument><name>UpdateID</name><direction>out</direction><relatedStateVariable>A_ARG_TYPE_UpdateID</relatedStateVariable></argument></argumentList></action><action><name>Search</name><argumentList><argument><name>ContainerID</name><direction>in</direction><relatedStateVariable>A_ARG_TYPE_ObjectID</relatedStateVariable></argument><argument><name>SearchCriteria</name><direction>in</direction><relatedStateVariable>A_ARG_TYPE_SearchCriteria</relatedStateVariable></argument><argument><name>Filter</name><direction>in</direction><relatedStateVariable>A_ARG_TYPE_Filter</relatedStateVariable></argument><argument><name>StartingIndex</name><direction>in</direction><relatedStateVariable>A_ARG_TYPE_Index</relatedStateVariable></argument><argument><name>RequestedCount</name><direction>in</direction><relatedStateVariable>A_ARG_TYPE_Count</relatedStateVariable></argument><argument><name>SortCriteria</name><direction>in</direction><relatedStateVariable>A_ARG_TYPE_SortCriteria</relatedStateVariable></argument><argument><name>Result</name><direction>out</direction><relatedStateVariable>A_ARG_TYPE_Result</relatedStateVariable></argument><argument><name>NumberReturned</name><direction>out</direction><relatedStateVariable>A_ARG_TYPE_Count</relatedStateVariable></argument><argument><name>TotalMatches</name><direction>out</direction><relatedStateVariable>A_ARG_TYPE_Count</relatedStateVariable></argument><argument><name>UpdateID</name><direction>out</direction><relatedStateVariable>A_ARG_TYPE_UpdateID</relatedStateVariable></argument></argumentList></action><action><name>UpdateObject</name><argumentList><argument><name>ObjectID</name><direction>in</direction><relatedStateVariable>A_ARG_TYPE_ObjectID</relatedStateVariable></argument><argument><name>CurrentTagValue</name><direction>in</direction><relatedStateVariable>A_ARG_TYPE_TagValueList</relatedStateVariable></argument><argument><name>NewTagValue</name><direction>in</direction><relatedStateVariable>A_ARG_TYPE_TagValueList</relatedStateVariable></argument></argumentList></action></actionList><serviceStateTable><stateVariable sendEvents="yes"><name>TransferIDs</name><dataType>string</dataType></stateVariable><stateVariable sendEvents="no"><name>A_ARG_TYPE_ObjectID</name><dataType>string</dataType></stateVariable><stateVariable sendEvents="no"><name>A_ARG_TYPE_Result</name><dataType>string</dataType></stateVariable><stateVariable sendEvents="no"><name>A_ARG_TYPE_SearchCriteria</name><dataType>string</dataType></stateVariable><stateVariable sendEvents="no"><name>A_ARG_TYPE_BrowseFlag</name><dataType>string</dataType><allowedValueList><allowedValue>BrowseMetadata</allowedValue><allowedValue>BrowseDirectChildren</allowedValue></allowedValueList></stateVariable><stateVariable sendEvents="no"><name>A_ARG_TYPE_Filter</name><dataType>string</dataType></stateVariable><stateVariable sendEvents="no"><name>A_ARG_TYPE_SortCriteria</name><dataType>string</dataType></stateVariable><stateVariable sendEvents="no"><name>A_ARG_TYPE_Index</name><dataType>ui4</dataType></stateVariable><stateVariable sendEvents="no"><name>A_ARG_TYPE_Count</name><dataType>ui4</dataType></stateVariable><stateVariable sendEvents="no"><name>A_ARG_TYPE_UpdateID</name><dataType>ui4</dataType></stateVariable><stateVariable sendEvents="no"><name>A_ARG_TYPE_TagValueList</name><dataType>string</dataType></stateVariable><stateVariable sendEvents="no"><name>SearchCapabilities</name><dataType>string</dataType></stateVariable><stateVariable sendEvents="no"><name>SortCapabilities</name><dataType>string</dataType></stateVariable><stateVariable sendEvents="yes"><name>SystemUpdateID</name><dataType>ui4</dataType></stateVariable></serviceStateTable></scpd>
[2021/04/01 23:55:52] src/minidlna.c:628: debug: HTTP connection from 192.168.1.15:50167
[2021/04/01 23:55:52] src/upnphttp.c:608: debug: HTTP REQUEST: POST /ctl/ContentDir HTTP/1.1
Host: 192.168.1.11:8200
Content-Type: text/xml;charset="utf-8"
Connection: keep-alive
SOAPACTION: "urn:schemas-upnp-org:service:ContentDirectory:1#GetSortCapabilities"
Accept: */*
Accept-Language: en-us
Content-Length: 297
Accept-Encoding: gzip, deflate
User-Agent: VLC%20for%20iOS/375 CFNetwork/1220.1 Darwin/20.3.0

<?xml version="1.0" encoding="utf-8"?><s:Envelope s:encodingStyle="http://schemas.xmlsoap.org/soap/encoding/" xmlns:s="http://schemas.xmlsoap.org/soap/envelope/"><s:Body><u:GetSortCapabilities xmlns:u="urn:schemas-upnp-org:service:ContentDirectory:1"></u:GetSortCapabilities></s:Body></s:Envelope>
[2021/04/01 23:55:52] src/upnphttp.c:507: debug: SOAPAction: urn:schemas-upnp-org:service:ContentDirectory:1#GetSortCapabilities
[2021/04/01 23:55:52] src/upnpsoap.c:453: debug: SoapMethod: GetSortCapabilities
[2021/04/01 23:55:52] src/upnpsoap.c:465: warn: SoapMethod: Unknown: GetSortCapabilities
[2021/04/01 23:55:52] src/upnpsoap.c:122: warn: Returning UPnPError 401: Invalid Action
[2021/04/01 23:55:52] src/upnphttp.c:852: debug: HTTP RESPONSE: HTTP/1.1 500 Internal Server Error
Content-Type: text/xml; charset="utf-8"
Connection: close
Content-Length: 398
Server: 5.4.0-26-generic DLNADOC/1.50 UPnP/1.0 MiniDLNA/1.2.1
Content-Language: en
Date: Thu, 01 Apr 2021 21:55:52 GMT
EXT:

<s:Envelope xmlns:s="http://schemas.xmlsoap.org/soap/envelope/" s:encodingStyle="http://schemas.xmlsoap.org/soap/encoding/"><s:Body><s:Fault><faultcode>s:Client</faultcode><faultstring>UPnPError</faultstring><detail><UPnPError xmlns="urn:schemas-upnp-org:control-1-0"><errorCode>401</errorCode><errorDescription>Invalid Action</errorDescription></UPnPError></detail></s:Fault></s:Body></s:Envelope>
[2021/04/01 23:55:52] src/minidlna.c:628: debug: HTTP connection from 192.168.1.15:50168
[2021/04/01 23:55:52] src/upnphttp.c:608: debug: HTTP REQUEST: SUBSCRIBE /evt/ContentDir HTTP/1.1
Host: 192.168.1.11:8200
Content-Length: 0
Connection: keep-alive
TIMEOUT: Second-1800
Accept: */*
NT: upnp:event
User-Agent: iOS UPnP/1.1 UPNPX/1.3.1
Accept-Language: en-us
CALLBACK: <http://192.168.1.15:52809/Event>
Accept-Encoding: gzip, deflate


[2021/04/01 23:55:52] src/upnphttp.c:664: warn: Unsupported HTTP Command SUBSCRIBE
[2021/04/01 23:55:52] src/upnphttp.c:852: debug: HTTP RESPONSE: HTTP/1.1 501 Not Implemented
Content-Type: text/html
Connection: close
Content-Length: 149
Server: 5.4.0-26-generic DLNADOC/1.50 UPnP/1.0 MiniDLNA/1.2.1
Content-Language: en
Date: Thu, 01 Apr 2021 21:55:52 GMT
EXT:

<HTML><HEAD><TITLE>501 Not Implemented</TITLE></HEAD><BODY><H1>Not Implemented</H1>The HTTP Method is not implemented by this server.</BODY></HTML>

[2021/04/01 23:55:52] src/minidlna.c:628: debug: HTTP connection from 192.168.1.15:50169
[2021/04/01 23:55:52] src/upnphttp.c:608: debug: HTTP REQUEST: POST /ctl/ContentDir HTTP/1.1
Host: 192.168.1.11:8200
Content-Type: text/xml;charset="utf-8"
Connection: keep-alive
SOAPACTION: "urn:schemas-upnp-org:service:ContentDirectory:1#Browse"
Accept: */*
Accept-Language: en-us
Content-Length: 454
Accept-Encoding: gzip, deflate
User-Agent: VLC%20for%20iOS/375 CFNetwork/1220.1 Darwin/20.3.0

<?xml version="1.0" encoding="utf-8"?><s:Envelope s:encodingStyle="http://schemas.xmlsoap.org/soap/encoding/" xmlns:s="http://schemas.xmlsoap.org/soap/envelope/"><s:Body><u:Browse xmlns:u="urn:schemas-upnp-org:service:ContentDirectory:1"><ObjectID>0</ObjectID><BrowseFlag>BrowseDirectChildren</BrowseFlag><Filter>*</Filter><StartingIndex>0</StartingIndex><RequestedCount>1500</RequestedCount><SortCriteria></SortCriteria></u:Browse></s:Body></s:Envelope>
[2021/04/01 23:55:52] src/upnphttp.c:507: debug: SOAPAction: urn:schemas-upnp-org:service:ContentDirectory:1#Browse
[2021/04/01 23:55:52] src/upnpsoap.c:453: debug: SoapMethod: Browse
[2021/04/01 23:55:52] src/upnpsoap.c:361: debug: Browsing ContentDirectory:
 * ObjectID: 0
 * Count: 1500
 * StartingIndex: 0
 * BrowseFlag: BrowseDirectChildren
 * Filter: *
 * SortCriteria: (null)
[2021/04/01 23:55:52] src/upnpsoap.c:399: debug: Browse SQL: SELECT OBJECT_ID, PARENT_ID, ID, CLASS, SIZE, TITLE, MIME from OBJECTS where PARENT_ID = '0'  limit 0, 1500;
[2021/04/01 23:55:52] src/upnphttp.c:852: debug: HTTP RESPONSE: HTTP/1.1 200 OK
Content-Type: text/xml; charset="utf-8"
Connection: close
Content-Length: 811
Server: 5.4.0-26-generic DLNADOC/1.50 UPnP/1.0 MiniDLNA/1.2.1
Content-Language: en
Date: Thu, 01 Apr 2021 21:55:52 GMT
EXT:

<?xml version="1.0" encoding="utf-8"?>
<s:Envelope xmlns:s="http://schemas.xmlsoap.org/soap/envelope/" s:encodingStyle="http://schemas.xmlsoap.org/soap/encoding/"><s:Body><u:BrowseResponse xmlns:u="urn:schemas-upnp-org:service:ContentDirectory:1"><Result>&lt;DIDL-Lite xmlns:dc="http://purl.org/dc/elements/1.1/" xmlns:upnp="urn:schemas-upnp-org:metadata-1-0/upnp/" xmlns="urn:schemas-upnp-org:metadata-1-0/DIDL-Lite/"&gt;
&lt;container id="64" parentID="0" restricted="1" &gt;&lt;dc:title&gt;VIDEO&lt;/dc:title&gt;&lt;upnp:class&gt;object.container.storageFolder&lt;/upnp:class&gt;&lt;upnp:storageUsed&gt;-1&lt;/upnp:storageUsed&gt;&lt;/container&gt;&lt;/DIDL-Lite&gt;</Result>
<NumberReturned>1</NumberReturned>
<TotalMatches>1</TotalMatches>
<UpdateID>1</UpdateID></u:BrowseResponse></s:Body></s:Envelope>

[2021/04/01 23:55:54] src/minidlna.c:628: debug: HTTP connection from 192.168.1.15:50170
[2021/04/01 23:55:54] src/upnphttp.c:608: debug: HTTP REQUEST: POST /ctl/ContentDir HTTP/1.1
Host: 192.168.1.11:8200
Content-Type: text/xml;charset="utf-8"
Connection: keep-alive
SOAPACTION: "urn:schemas-upnp-org:service:ContentDirectory:1#GetSortCapabilities"
Accept: */*
Accept-Language: en-us
Content-Length: 297
Accept-Encoding: gzip, deflate
User-Agent: VLC%20for%20iOS/375 CFNetwork/1220.1 Darwin/20.3.0

<?xml version="1.0" encoding="utf-8"?><s:Envelope s:encodingStyle="http://schemas.xmlsoap.org/soap/encoding/" xmlns:s="http://schemas.xmlsoap.org/soap/envelope/"><s:Body><u:GetSortCapabilities xmlns:u="urn:schemas-upnp-org:service:ContentDirectory:1"></u:GetSortCapabilities></s:Body></s:Envelope>
[2021/04/01 23:55:54] src/upnphttp.c:507: debug: SOAPAction: urn:schemas-upnp-org:service:ContentDirectory:1#GetSortCapabilities
[2021/04/01 23:55:54] src/upnpsoap.c:453: debug: SoapMethod: GetSortCapabilities
[2021/04/01 23:55:54] src/upnpsoap.c:465: warn: SoapMethod: Unknown: GetSortCapabilities
[2021/04/01 23:55:54] src/upnpsoap.c:122: warn: Returning UPnPError 401: Invalid Action
[2021/04/01 23:55:54] src/upnphttp.c:852: debug: HTTP RESPONSE: HTTP/1.1 500 Internal Server Error
Content-Type: text/xml; charset="utf-8"
Connection: close
Content-Length: 398
Server: 5.4.0-26-generic DLNADOC/1.50 UPnP/1.0 MiniDLNA/1.2.1
Content-Language: en
Date: Thu, 01 Apr 2021 21:55:54 GMT
EXT:

<s:Envelope xmlns:s="http://schemas.xmlsoap.org/soap/envelope/" s:encodingStyle="http://schemas.xmlsoap.org/soap/encoding/"><s:Body><s:Fault><faultcode>s:Client</faultcode><faultstring>UPnPError</faultstring><detail><UPnPError xmlns="urn:schemas-upnp-org:control-1-0"><errorCode>401</errorCode><errorDescription>Invalid Action</errorDescription></UPnPError></detail></s:Fault></s:Body></s:Envelope>
[2021/04/01 23:55:54] src/minidlna.c:628: debug: HTTP connection from 192.168.1.15:50173
[2021/04/01 23:55:54] src/upnphttp.c:608: debug: HTTP REQUEST: POST /ctl/ContentDir HTTP/1.1
Host: 192.168.1.11:8200
Content-Type: text/xml;charset="utf-8"
Connection: keep-alive
SOAPACTION: "urn:schemas-upnp-org:service:ContentDirectory:1#Browse"
Accept: */*
Accept-Language: en-us
Content-Length: 455
Accept-Encoding: gzip, deflate
User-Agent: VLC%20for%20iOS/375 CFNetwork/1220.1 Darwin/20.3.0

<?xml version="1.0" encoding="utf-8"?><s:Envelope s:encodingStyle="http://schemas.xmlsoap.org/soap/encoding/" xmlns:s="http://schemas.xmlsoap.org/soap/envelope/"><s:Body><u:Browse xmlns:u="urn:schemas-upnp-org:service:ContentDirectory:1"><ObjectID>64</ObjectID><BrowseFlag>BrowseDirectChildren</BrowseFlag><Filter>*</Filter><StartingIndex>0</StartingIndex><RequestedCount>1500</RequestedCount><SortCriteria></SortCriteria></u:Browse></s:Body></s:Envelope>
[2021/04/01 23:55:54] src/upnphttp.c:507: debug: SOAPAction: urn:schemas-upnp-org:service:ContentDirectory:1#Browse
[2021/04/01 23:55:54] src/upnpsoap.c:453: debug: SoapMethod: Browse
[2021/04/01 23:55:54] src/upnpsoap.c:361: debug: Browsing ContentDirectory:
 * ObjectID: 64
 * Count: 1500
 * StartingIndex: 0
 * BrowseFlag: BrowseDirectChildren
 * Filter: *
 * SortCriteria: (null)
[2021/04/01 23:55:54] src/upnpsoap.c:399: debug: Browse SQL: SELECT OBJECT_ID, PARENT_ID, ID, CLASS, SIZE, TITLE, MIME from OBJECTS where PARENT_ID = '64'  limit 0, 1500;
[2021/04/01 23:55:54] src/upnphttp.c:852: debug: HTTP RESPONSE: HTTP/1.1 200 OK
Content-Type: text/xml; charset="utf-8"
Connection: close
Content-Length: 1752
Server: 5.4.0-26-generic DLNADOC/1.50 UPnP/1.0 MiniDLNA/1.2.1
Content-Language: en
Date: Thu, 01 Apr 2021 21:55:54 GMT
EXT:

<?xml version="1.0" encoding="utf-8"?>
<s:Envelope xmlns:s="http://schemas.xmlsoap.org/soap/envelope/" s:encodingStyle="http://schemas.xmlsoap.org/soap/encoding/"><s:Body><u:BrowseResponse xmlns:u="urn:schemas-upnp-org:service:ContentDirectory:1"><Result>&lt;DIDL-Lite xmlns:dc="http://purl.org/dc/elements/1.1/" xmlns:upnp="urn:schemas-upnp-org:metadata-1-0/upnp/" xmlns="urn:schemas-upnp-org:metadata-1-0/DIDL-Lite/"&gt;
&lt;container id="64$0" parentID="64" restricted="1" &gt;&lt;dc:title&gt;BBB&lt;/dc:title&gt;&lt;upnp:class&gt;object.container.storageFolder&lt;/upnp:class&gt;&lt;upnp:storageUsed&gt;-1&lt;/upnp:storageUsed&gt;&lt;/container&gt;&lt;container id="64$1" parentID="64" restricted="1" &gt;&lt;dc:title&gt;justice&lt;/dc:title&gt;&lt;upnp:class&gt;object.container.storageFolder&lt;/upnp:class&gt;&lt;upnp:storageUsed&gt;-1&lt;/upnp:storageUsed&gt;&lt;/container&gt;&lt;container id="64$2" parentID="64" restricted="1" &gt;&lt;dc:title&gt;Sintel&lt;/dc:title&gt;&lt;upnp:class&gt;object.container.storageFolder&lt;/upnp:class&gt;&lt;upnp:storageUsed&gt;-1&lt;/upnp:storageUsed&gt;&lt;/container&gt;&lt;container id="64$3" parentID="64" restricted="1" &gt;&lt;dc:title&gt;Tears of steel&lt;/dc:title&gt;&lt;upnp:class&gt;object.container.storageFolder&lt;/upnp:class&gt;&lt;upnp:storageUsed&gt;-1&lt;/upnp:storageUsed&gt;&lt;/container&gt;&lt;container id="64$4" parentID="64" restricted="1" &gt;&lt;dc:title&gt;tv_series&lt;/dc:title&gt;&lt;upnp:class&gt;object.container.storageFolder&lt;/upnp:class&gt;&lt;upnp:storageUsed&gt;-1&lt;/upnp:storageUsed&gt;&lt;/container&gt;&lt;/DIDL-Lite&gt;</Result>
<NumberReturned>5</NumberReturned>
<TotalMatches>5</TotalMatches>
<UpdateID>1</UpdateID></u:BrowseResponse></s:Body></s:Envelope>

[2021/04/01 23:55:55] src/minidlna.c:628: debug: HTTP connection from 192.168.1.15:50175
[2021/04/01 23:55:55] src/upnphttp.c:608: debug: HTTP REQUEST: POST /ctl/ContentDir HTTP/1.1
Host: 192.168.1.11:8200
Content-Type: text/xml;charset="utf-8"
Connection: keep-alive
SOAPACTION: "urn:schemas-upnp-org:service:ContentDirectory:1#GetSortCapabilities"
Accept: */*
Accept-Language: en-us
Content-Length: 297
Accept-Encoding: gzip, deflate
User-Agent: VLC%20for%20iOS/375 CFNetwork/1220.1 Darwin/20.3.0

<?xml version="1.0" encoding="utf-8"?><s:Envelope s:encodingStyle="http://schemas.xmlsoap.org/soap/encoding/" xmlns:s="http://schemas.xmlsoap.org/soap/envelope/"><s:Body><u:GetSortCapabilities xmlns:u="urn:schemas-upnp-org:service:ContentDirectory:1"></u:GetSortCapabilities></s:Body></s:Envelope>
[2021/04/01 23:55:55] src/upnphttp.c:507: debug: SOAPAction: urn:schemas-upnp-org:service:ContentDirectory:1#GetSortCapabilities
[2021/04/01 23:55:55] src/upnpsoap.c:453: debug: SoapMethod: GetSortCapabilities
[2021/04/01 23:55:55] src/upnpsoap.c:465: warn: SoapMethod: Unknown: GetSortCapabilities
[2021/04/01 23:55:55] src/upnpsoap.c:122: warn: Returning UPnPError 401: Invalid Action
[2021/04/01 23:55:55] src/upnphttp.c:852: debug: HTTP RESPONSE: HTTP/1.1 500 Internal Server Error
Content-Type: text/xml; charset="utf-8"
Connection: close
Content-Length: 398
Server: 5.4.0-26-generic DLNADOC/1.50 UPnP/1.0 MiniDLNA/1.2.1
Content-Language: en
Date: Thu, 01 Apr 2021 21:55:55 GMT
EXT:

<s:Envelope xmlns:s="http://schemas.xmlsoap.org/soap/envelope/" s:encodingStyle="http://schemas.xmlsoap.org/soap/encoding/"><s:Body><s:Fault><faultcode>s:Client</faultcode><faultstring>UPnPError</faultstring><detail><UPnPError xmlns="urn:schemas-upnp-org:control-1-0"><errorCode>401</errorCode><errorDescription>Invalid Action</errorDescription></UPnPError></detail></s:Fault></s:Body></s:Envelope>
[2021/04/01 23:55:55] src/minidlna.c:628: debug: HTTP connection from 192.168.1.15:50176
[2021/04/01 23:55:55] src/upnphttp.c:608: debug: HTTP REQUEST: POST /ctl/ContentDir HTTP/1.1
Host: 192.168.1.11:8200
Content-Type: text/xml;charset="utf-8"
Connection: keep-alive
SOAPACTION: "urn:schemas-upnp-org:service:ContentDirectory:1#Browse"
Accept: */*
Accept-Language: en-us
Content-Length: 457
Accept-Encoding: gzip, deflate
User-Agent: VLC%20for%20iOS/375 CFNetwork/1220.1 Darwin/20.3.0

<?xml version="1.0" encoding="utf-8"?><s:Envelope s:encodingStyle="http://schemas.xmlsoap.org/soap/encoding/" xmlns:s="http://schemas.xmlsoap.org/soap/envelope/"><s:Body><u:Browse xmlns:u="urn:schemas-upnp-org:service:ContentDirectory:1"><ObjectID>64$0</ObjectID><BrowseFlag>BrowseDirectChildren</BrowseFlag><Filter>*</Filter><StartingIndex>0</StartingIndex><RequestedCount>1500</RequestedCount><SortCriteria></SortCriteria></u:Browse></s:Body></s:Envelope>
[2021/04/01 23:55:55] src/upnphttp.c:507: debug: SOAPAction: urn:schemas-upnp-org:service:ContentDirectory:1#Browse
[2021/04/01 23:55:55] src/upnpsoap.c:453: debug: SoapMethod: Browse
[2021/04/01 23:55:55] src/upnpsoap.c:361: debug: Browsing ContentDirectory:
 * ObjectID: 64$0
 * Count: 1500
 * StartingIndex: 0
 * BrowseFlag: BrowseDirectChildren
 * Filter: *
 * SortCriteria: (null)
[2021/04/01 23:55:55] src/upnpsoap.c:399: debug: Browse SQL: SELECT OBJECT_ID, PARENT_ID, ID, CLASS, SIZE, TITLE, MIME from OBJECTS where PARENT_ID = '64$0'  limit 0, 1500;
[2021/04/01 23:55:55] src/upnphttp.c:852: debug: HTTP RESPONSE: HTTP/1.1 200 OK
Content-Type: text/xml; charset="utf-8"
Connection: close
Content-Length: 1182
Server: 5.4.0-26-generic DLNADOC/1.50 UPnP/1.0 MiniDLNA/1.2.1
Content-Language: en
Date: Thu, 01 Apr 2021 21:55:55 GMT
EXT:

<?xml version="1.0" encoding="utf-8"?>
<s:Envelope xmlns:s="http://schemas.xmlsoap.org/soap/envelope/" s:encodingStyle="http://schemas.xmlsoap.org/soap/encoding/"><s:Body><u:BrowseResponse xmlns:u="urn:schemas-upnp-org:service:ContentDirectory:1"><Result>&lt;DIDL-Lite xmlns:dc="http://purl.org/dc/elements/1.1/" xmlns:upnp="urn:schemas-upnp-org:metadata-1-0/upnp/" xmlns="urn:schemas-upnp-org:metadata-1-0/DIDL-Lite/"&gt;
&lt;item id="64$0$0" parentID="64$0" restricted="1"&gt;&lt;dc:title&gt;bbb_h264_mp4&lt;/dc:title&gt;&lt;upnp:class&gt;object.item.videoItem&lt;/upnp:class&gt;&lt;res size="16324771" protocolInfo="http-get:*:video/mp4:*"&gt;http://192.168.1.11:8200/MediaItems/4.mp4&lt;/res&gt;&lt;/item&gt;&lt;item id="64$0$1" parentID="64$0" restricted="1"&gt;&lt;dc:title&gt;bbb_sunflower_1080p_30fps_normal&lt;/dc:title&gt;&lt;upnp:class&gt;object.item.videoItem&lt;/upnp:class&gt;&lt;res size="276134947" protocolInfo="http-get:*:video/mp4:*"&gt;http://192.168.1.11:8200/MediaItems/5.mp4&lt;/res&gt;&lt;/item&gt;&lt;/DIDL-Lite&gt;</Result>
<NumberReturned>2</NumberReturned>
<TotalMatches>2</TotalMatches>
<UpdateID>1</UpdateID></u:BrowseResponse></s:Body></s:Envelope>

[2021/04/01 23:55:58] src/minidlna.c:628: debug: HTTP connection from 192.168.1.15:49732
[2021/04/01 23:55:58] src/upnphttp.c:246: debug: Range Start-End: 0 - -1
[2021/04/01 23:55:58] src/upnphttp.c:608: debug: HTTP REQUEST: GET /MediaItems/4.mp4 HTTP/1.1
Host: 192.168.1.11:8200
Accept: */*
Accept-Language: en_US
User-Agent: VLC/3.0.11.1 LibVLC/3.0.11.1
Range: bytes=0-


[2021/04/01 23:55:58] src/upnphttp.c:1025: info: Serving DetailID: 4 [/home/kgrze/dev/dlna/content/BBB/bbb_h264_mp4.mp4]
[2021/04/01 23:55:59] src/minidlna.c:628: debug: HTTP connection from 192.168.1.15:49733
[2021/04/01 23:55:59] src/upnphttp.c:246: debug: Range Start-End: 16312732 - -1
[2021/04/01 23:55:59] src/upnphttp.c:608: debug: HTTP REQUEST: GET /MediaItems/4.mp4 HTTP/1.1
Host: 192.168.1.11:8200
Accept: */*
Accept-Language: en_US
User-Agent: VLC/3.0.11.1 LibVLC/3.0.11.1
Range: bytes=16312732-


[2021/04/01 23:55:59] src/upnphttp.c:1025: info: Serving DetailID: 4 [/home/kgrze/dev/dlna/content/BBB/bbb_h264_mp4.mp4]
[2021/04/01 23:55:59] src/upnphttp.c:908: debug: sent 12039 bytes to 11. offset is now 16324771.
[2021/04/01 23:55:59] src/upnphttp.c:908: debug: sent 565248 bytes to 11. offset is now 565248.
[2021/04/01 23:55:59] src/upnphttp.c:901: debug: sendfile error :: error no. 32 [Broken pipe]
[2021/04/01 23:55:59] src/minidlna.c:628: debug: HTTP connection from 192.168.1.15:49734
[2021/04/01 23:55:59] src/upnphttp.c:246: debug: Range Start-End: 48 - -1
[2021/04/01 23:55:59] src/upnphttp.c:608: debug: HTTP REQUEST: GET /MediaItems/4.mp4 HTTP/1.1
Host: 192.168.1.11:8200
Accept: */*
Accept-Language: en_US
User-Agent: VLC/3.0.11.1 LibVLC/3.0.11.1
Range: bytes=48-


[2021/04/01 23:55:59] src/upnphttp.c:1025: info: Serving DetailID: 4 [/home/kgrze/dev/dlna/content/BBB/bbb_h264_mp4.mp4]
[2021/04/01 23:56:00] src/upnphttp.c:908: debug: sent 16324723 bytes to 11. offset is now 16324771.
[2021/04/01 23:56:07] src/minidlna.c:628: debug: HTTP connection from 192.168.1.15:49735
[2021/04/01 23:56:07] src/upnphttp.c:246: debug: Range Start-End: 0 - -1
[2021/04/01 23:56:07] src/upnphttp.c:608: debug: HTTP REQUEST: GET /MediaItems/5.mp4 HTTP/1.1
Host: 192.168.1.11:8200
Accept: */*
Accept-Language: en_US
User-Agent: VLC/3.0.11.1 LibVLC/3.0.11.1
Range: bytes=0-


[2021/04/01 23:56:07] src/upnphttp.c:1025: info: Serving DetailID: 5 [/home/kgrze/dev/dlna/content/BBB/bbb_sunflower_1080p_30fps_normal.mp4]
[2021/04/01 23:56:08] src/minidlna.c:628: debug: HTTP connection from 192.168.1.15:49736
[2021/04/01 23:56:08] src/upnphttp.c:246: debug: Range Start-End: 276134889 - -1
[2021/04/01 23:56:08] src/upnphttp.c:608: debug: HTTP REQUEST: GET /MediaItems/5.mp4 HTTP/1.1
Host: 192.168.1.11:8200
Accept: */*
Accept-Language: en_US
User-Agent: VLC/3.0.11.1 LibVLC/3.0.11.1
Range: bytes=276134889-


[2021/04/01 23:56:08] src/upnphttp.c:1025: info: Serving DetailID: 5 [/home/kgrze/dev/dlna/content/BBB/bbb_sunflower_1080p_30fps_normal.mp4]
[2021/04/01 23:56:08] src/upnphttp.c:908: debug: sent 58 bytes to 11. offset is now 276134947.
[2021/04/01 23:56:08] src/upnphttp.c:908: debug: sent 3337200 bytes to 11. offset is now 3337200.
[2021/04/01 23:56:08] src/upnphttp.c:901: debug: sendfile error :: error no. 32 [Broken pipe]
[2021/04/01 23:56:08] src/minidlna.c:628: debug: HTTP connection from 192.168.1.15:49737
[2021/04/01 23:56:08] src/upnphttp.c:246: debug: Range Start-End: 236997 - -1
[2021/04/01 23:56:08] src/upnphttp.c:608: debug: HTTP REQUEST: GET /MediaItems/5.mp4 HTTP/1.1
Host: 192.168.1.11:8200
Accept: */*
Accept-Language: en_US
User-Agent: VLC/3.0.11.1 LibVLC/3.0.11.1
Range: bytes=236997-


[2021/04/01 23:56:08] src/upnphttp.c:1025: info: Serving DetailID: 5 [/home/kgrze/dev/dlna/content/BBB/bbb_sunflower_1080p_30fps_normal.mp4]
[2021/04/01 23:56:14] src/upnphttp.c:908: debug: sent 26555875 bytes to 11. offset is now 26792872.
[2021/04/01 23:56:14] src/upnphttp.c:901: debug: sendfile error :: error no. 32 [Broken pipe]
[2021/04/01 23:56:16] src/minidlna.c:628: debug: HTTP connection from 192.168.1.15:50177
[2021/04/01 23:56:16] src/upnphttp.c:608: debug: HTTP REQUEST: POST /ctl/ContentDir HTTP/1.1
Host: 192.168.1.11:8200
Content-Type: text/xml;charset="utf-8"
Connection: keep-alive
SOAPACTION: "urn:schemas-upnp-org:service:ContentDirectory:1#GetSortCapabilities"
Accept: */*
Accept-Language: en-us
Content-Length: 297
Accept-Encoding: gzip, deflate
User-Agent: VLC%20for%20iOS/375 CFNetwork/1220.1 Darwin/20.3.0

<?xml version="1.0" encoding="utf-8"?><s:Envelope s:encodingStyle="http://schemas.xmlsoap.org/soap/encoding/" xmlns:s="http://schemas.xmlsoap.org/soap/envelope/"><s:Body><u:GetSortCapabilities xmlns:u="urn:schemas-upnp-org:service:ContentDirectory:1"></u:GetSortCapabilities></s:Body></s:Envelope>
[2021/04/01 23:56:16] src/upnphttp.c:507: debug: SOAPAction: urn:schemas-upnp-org:service:ContentDirectory:1#GetSortCapabilities
[2021/04/01 23:56:16] src/upnpsoap.c:453: debug: SoapMethod: GetSortCapabilities
[2021/04/01 23:56:16] src/upnpsoap.c:465: warn: SoapMethod: Unknown: GetSortCapabilities
[2021/04/01 23:56:16] src/upnpsoap.c:122: warn: Returning UPnPError 401: Invalid Action
[2021/04/01 23:56:16] src/upnphttp.c:852: debug: HTTP RESPONSE: HTTP/1.1 500 Internal Server Error
Content-Type: text/xml; charset="utf-8"
Connection: close
Content-Length: 398
Server: 5.4.0-26-generic DLNADOC/1.50 UPnP/1.0 MiniDLNA/1.2.1
Content-Language: en
Date: Thu, 01 Apr 2021 21:56:16 GMT
EXT:

<s:Envelope xmlns:s="http://schemas.xmlsoap.org/soap/envelope/" s:encodingStyle="http://schemas.xmlsoap.org/soap/encoding/"><s:Body><s:Fault><faultcode>s:Client</faultcode><faultstring>UPnPError</faultstring><detail><UPnPError xmlns="urn:schemas-upnp-org:control-1-0"><errorCode>401</errorCode><errorDescription>Invalid Action</errorDescription></UPnPError></detail></s:Fault></s:Body></s:Envelope>
[2021/04/01 23:56:16] src/minidlna.c:628: debug: HTTP connection from 192.168.1.15:50178
[2021/04/01 23:56:16] src/upnphttp.c:608: debug: HTTP REQUEST: POST /ctl/ContentDir HTTP/1.1
Host: 192.168.1.11:8200
Content-Type: text/xml;charset="utf-8"
Connection: keep-alive
SOAPACTION: "urn:schemas-upnp-org:service:ContentDirectory:1#Browse"
Accept: */*
Accept-Language: en-us
Content-Length: 457
Accept-Encoding: gzip, deflate
User-Agent: VLC%20for%20iOS/375 CFNetwork/1220.1 Darwin/20.3.0

<?xml version="1.0" encoding="utf-8"?><s:Envelope s:encodingStyle="http://schemas.xmlsoap.org/soap/encoding/" xmlns:s="http://schemas.xmlsoap.org/soap/envelope/"><s:Body><u:Browse xmlns:u="urn:schemas-upnp-org:service:ContentDirectory:1"><ObjectID>64$1</ObjectID><BrowseFlag>BrowseDirectChildren</BrowseFlag><Filter>*</Filter><StartingIndex>0</StartingIndex><RequestedCount>1500</RequestedCount><SortCriteria></SortCriteria></u:Browse></s:Body></s:Envelope>
[2021/04/01 23:56:16] src/upnphttp.c:507: debug: SOAPAction: urn:schemas-upnp-org:service:ContentDirectory:1#Browse
[2021/04/01 23:56:16] src/upnpsoap.c:453: debug: SoapMethod: Browse
[2021/04/01 23:56:16] src/upnpsoap.c:361: debug: Browsing ContentDirectory:
 * ObjectID: 64$1
 * Count: 1500
 * StartingIndex: 0
 * BrowseFlag: BrowseDirectChildren
 * Filter: *
 * SortCriteria: (null)
[2021/04/01 23:56:16] src/upnpsoap.c:399: debug: Browse SQL: SELECT OBJECT_ID, PARENT_ID, ID, CLASS, SIZE, TITLE, MIME from OBJECTS where PARENT_ID = '64$1'  limit 0, 1500;
[2021/04/01 23:56:16] src/upnphttp.c:852: debug: HTTP RESPONSE: HTTP/1.1 200 OK
Content-Type: text/xml; charset="utf-8"
Connection: close
Content-Length: 2360
Server: 5.4.0-26-generic DLNADOC/1.50 UPnP/1.0 MiniDLNA/1.2.1
Content-Language: en
Date: Thu, 01 Apr 2021 21:56:16 GMT
EXT:

<?xml version="1.0" encoding="utf-8"?>
<s:Envelope xmlns:s="http://schemas.xmlsoap.org/soap/envelope/" s:encodingStyle="http://schemas.xmlsoap.org/soap/encoding/"><s:Body><u:BrowseResponse xmlns:u="urn:schemas-upnp-org:service:ContentDirectory:1"><Result>&lt;DIDL-Lite xmlns:dc="http://purl.org/dc/elements/1.1/" xmlns:upnp="urn:schemas-upnp-org:metadata-1-0/upnp/" xmlns="urn:schemas-upnp-org:metadata-1-0/DIDL-Lite/"&gt;
&lt;item id="64$1$0" parentID="64$1" restricted="1"&gt;&lt;dc:title&gt;justice&lt;/dc:title&gt;&lt;upnp:class&gt;object.item.videoItem&lt;/upnp:class&gt;&lt;res size="61713928" protocolInfo="http-get:*:video/mp4:*"&gt;http://192.168.1.11:8200/MediaItems/7.mp4&lt;/res&gt;&lt;/item&gt;&lt;item id="64$1$1" parentID="64$1" restricted="1"&gt;&lt;dc:title&gt;Justice.League.Dark.Apokolips.War.2020.1080p.WEBRip.x264-RARBG&lt;/dc:title&gt;&lt;upnp:class&gt;object.item.videoItem&lt;/upnp:class&gt;&lt;res size="1845397812" protocolInfo="http-get:*:video/mp4:*"&gt;http://192.168.1.11:8200/MediaItems/8.mp4&lt;/res&gt;&lt;/item&gt;&lt;item id="64$1$2" parentID="64$1" restricted="1"&gt;&lt;dc:title&gt;justice&lt;/dc:title&gt;&lt;upnp:class&gt;object.item.videoItem&lt;/upnp:class&gt;&lt;res size="28258453" protocolInfo="http-get:*:video/mp4:*"&gt;http://192.168.1.11:8200/MediaItems/9.mp4&lt;/res&gt;&lt;/item&gt;&lt;item id="64$1$3" parentID="64$1" restricted="1"&gt;&lt;dc:title&gt;justice_mp4&lt;/dc:title&gt;&lt;upnp:class&gt;object.item.videoItem&lt;/upnp:class&gt;&lt;res size="61713928" protocolInfo="http-get:*:video/mp4:*"&gt;http://192.168.1.11:8200/MediaItems/10.mp4&lt;/res&gt;&lt;/item&gt;&lt;item id="64$1$4" parentID="64$1" restricted="1"&gt;&lt;dc:title&gt;output&lt;/dc:title&gt;&lt;upnp:class&gt;object.item.videoItem&lt;/upnp:class&gt;&lt;res size="19686814" protocolInfo="http-get:*:video/mp4:*"&gt;http://192.168.1.11:8200/MediaItems/11.mp4&lt;/res&gt;&lt;/item&gt;&lt;item id="64$1$5" parentID="64$1" restricted="1"&gt;&lt;dc:title&gt;output_xvid&lt;/dc:title&gt;&lt;upnp:class&gt;object.item.videoItem&lt;/upnp:class&gt;&lt;res size="12932418" protocolInfo="http-get:*:video/x-msvideo:*"&gt;http://192.168.1.11:8200/MediaItems/12.avi&lt;/res&gt;&lt;/item&gt;&lt;/DIDL-Lite&gt;</Result>
<NumberReturned>6</NumberReturned>
<TotalMatches>6</TotalMatches>
<UpdateID>1</UpdateID></u:BrowseResponse></s:Body></s:Envelope>

[2021/04/01 23:56:18] src/minidlna.c:628: debug: HTTP connection from 192.168.1.15:49738
[2021/04/01 23:56:18] src/upnphttp.c:246: debug: Range Start-End: 0 - -1
[2021/04/01 23:56:18] src/upnphttp.c:608: debug: HTTP REQUEST: GET /MediaItems/7.mp4 HTTP/1.1
Host: 192.168.1.11:8200
Accept: */*
Accept-Language: en_US
User-Agent: VLC/3.0.11.1 LibVLC/3.0.11.1
Range: bytes=0-


[2021/04/01 23:56:18] src/upnphttp.c:1025: info: Serving DetailID: 7 [/home/kgrze/dev/dlna/content/justice/justice.avi]
[2021/04/01 23:56:18] src/minidlna.c:628: debug: HTTP connection from 192.168.1.15:49739
[2021/04/01 23:56:18] src/upnphttp.c:246: debug: Range Start-End: 61713856 - -1
[2021/04/01 23:56:18] src/upnphttp.c:608: debug: HTTP REQUEST: GET /MediaItems/7.mp4 HTTP/1.1
Host: 192.168.1.11:8200
Accept: */*
Accept-Language: en_US
User-Agent: VLC/3.0.11.1 LibVLC/3.0.11.1
Range: bytes=61713856-


[2021/04/01 23:56:18] src/upnphttp.c:1025: info: Serving DetailID: 7 [/home/kgrze/dev/dlna/content/justice/justice.avi]
[2021/04/01 23:56:18] src/upnphttp.c:908: debug: sent 72 bytes to 11. offset is now 61713928.
[2021/04/01 23:56:18] src/upnphttp.c:908: debug: sent 2381523 bytes to 11. offset is now 2381523.
[2021/04/01 23:56:18] src/upnphttp.c:901: debug: sendfile error :: error no. 32 [Broken pipe]
[2021/04/01 23:56:18] src/minidlna.c:628: debug: HTTP connection from 192.168.1.15:49740
[2021/04/01 23:56:18] src/upnphttp.c:246: debug: Range Start-End: 67367 - -1
[2021/04/01 23:56:18] src/upnphttp.c:608: debug: HTTP REQUEST: GET /MediaItems/7.mp4 HTTP/1.1
Host: 192.168.1.11:8200
Accept: */*
Accept-Language: en_US
User-Agent: VLC/3.0.11.1 LibVLC/3.0.11.1
Range: bytes=67367-


[2021/04/01 23:56:18] src/upnphttp.c:1025: info: Serving DetailID: 7 [/home/kgrze/dev/dlna/content/justice/justice.avi]
[2021/04/01 23:56:18] src/minidlna.c:628: debug: HTTP connection from 192.168.1.15:49741
[2021/04/01 23:56:18] src/upnphttp.c:246: debug: Range Start-End: 416187 - -1
[2021/04/01 23:56:18] src/upnphttp.c:608: debug: HTTP REQUEST: GET /MediaItems/7.mp4 HTTP/1.1
Host: 192.168.1.11:8200
Accept: */*
Accept-Language: en_US
User-Agent: VLC/3.0.11.1 LibVLC/3.0.11.1
Range: bytes=416187-


[2021/04/01 23:56:18] src/upnphttp.c:1025: info: Serving DetailID: 7 [/home/kgrze/dev/dlna/content/justice/justice.avi]
[2021/04/01 23:56:18] src/upnphttp.c:908: debug: sent 3959001 bytes to 11. offset is now 4026368.
[2021/04/01 23:56:18] src/upnphttp.c:901: debug: sendfile error :: error no. 32 [Broken pipe]
[2021/04/01 23:56:18] src/minidlna.c:628: debug: HTTP connection from 192.168.1.15:49742
[2021/04/01 23:56:18] src/upnphttp.c:246: debug: Range Start-End: 713639 - -1
[2021/04/01 23:56:18] src/upnphttp.c:608: debug: HTTP REQUEST: GET /MediaItems/7.mp4 HTTP/1.1
Host: 192.168.1.11:8200
Accept: */*
Accept-Language: en_US
User-Agent: VLC/3.0.11.1 LibVLC/3.0.11.1
Range: bytes=713639-


[2021/04/01 23:56:18] src/upnphttp.c:1025: info: Serving DetailID: 7 [/home/kgrze/dev/dlna/content/justice/justice.avi]
[2021/04/01 23:56:18] src/upnphttp.c:908: debug: sent 3728158 bytes to 11. offset is now 4144345.
[2021/04/01 23:56:18] src/upnphttp.c:901: debug: sendfile error :: error no. 32 [Broken pipe]
[2021/04/01 23:56:18] src/minidlna.c:628: debug: HTTP connection from 192.168.1.15:49743
[2021/04/01 23:56:18] src/upnphttp.c:246: debug: Range Start-End: 1022625 - -1
[2021/04/01 23:56:18] src/upnphttp.c:608: debug: HTTP REQUEST: GET /MediaItems/7.mp4 HTTP/1.1
Host: 192.168.1.11:8200
Accept: */*
Accept-Language: en_US
User-Agent: VLC/3.0.11.1 LibVLC/3.0.11.1
Range: bytes=1022625-


[2021/04/01 23:56:18] src/upnphttp.c:1025: info: Serving DetailID: 7 [/home/kgrze/dev/dlna/content/justice/justice.avi]
[2021/04/01 23:56:18] src/upnphttp.c:908: debug: sent 2456665 bytes to 11. offset is now 3170304.
[2021/04/01 23:56:18] src/upnphttp.c:901: debug: sendfile error :: error no. 32 [Broken pipe]
[2021/04/01 23:56:18] src/minidlna.c:628: debug: HTTP connection from 192.168.1.15:49744
[2021/04/01 23:56:18] src/upnphttp.c:246: debug: Range Start-End: 1421529 - -1
[2021/04/01 23:56:18] src/upnphttp.c:608: debug: HTTP REQUEST: GET /MediaItems/7.mp4 HTTP/1.1
Host: 192.168.1.11:8200
Accept: */*
Accept-Language: en_US
User-Agent: VLC/3.0.11.1 LibVLC/3.0.11.1
Range: bytes=1421529-


[2021/04/01 23:56:18] src/upnphttp.c:1025: info: Serving DetailID: 7 [/home/kgrze/dev/dlna/content/justice/justice.avi]
[2021/04/01 23:56:18] src/upnphttp.c:908: debug: sent 1143477 bytes to 11. offset is now 2166102.
[2021/04/01 23:56:18] src/upnphttp.c:901: debug: sendfile error :: error no. 32 [Broken pipe]
[2021/04/01 23:56:18] src/minidlna.c:628: debug: HTTP connection from 192.168.1.15:49745
[2021/04/01 23:56:18] src/upnphttp.c:246: debug: Range Start-End: 2032117 - -1
[2021/04/01 23:56:18] src/upnphttp.c:608: debug: HTTP REQUEST: GET /MediaItems/7.mp4 HTTP/1.1
Host: 192.168.1.11:8200
Accept: */*
Accept-Language: en_US
User-Agent: VLC/3.0.11.1 LibVLC/3.0.11.1
Range: bytes=2032117-


[2021/04/01 23:56:18] src/upnphttp.c:1025: info: Serving DetailID: 7 [/home/kgrze/dev/dlna/content/justice/justice.avi]
[2021/04/01 23:56:18] src/upnphttp.c:908: debug: sent 2642157 bytes to 11. offset is now 4063686.
[2021/04/01 23:56:18] src/upnphttp.c:901: debug: sendfile error :: error no. 32 [Broken pipe]
[2021/04/01 23:56:19] src/minidlna.c:628: debug: HTTP connection from 192.168.1.15:49746
[2021/04/01 23:56:19] src/upnphttp.c:246: debug: Range Start-End: 2647895 - -1
[2021/04/01 23:56:19] src/upnphttp.c:608: debug: HTTP REQUEST: GET /MediaItems/7.mp4 HTTP/1.1
Host: 192.168.1.11:8200
Accept: */*
Accept-Language: en_US
User-Agent: VLC/3.0.11.1 LibVLC/3.0.11.1
Range: bytes=2647895-


[2021/04/01 23:56:19] src/upnphttp.c:1025: info: Serving DetailID: 7 [/home/kgrze/dev/dlna/content/justice/justice.avi]
[2021/04/01 23:56:19] src/upnphttp.c:908: debug: sent 4660747 bytes to 11. offset is now 6692864.
[2021/04/01 23:56:19] src/upnphttp.c:901: debug: sendfile error :: error no. 32 [Broken pipe]
[2021/04/01 23:56:19] src/minidlna.c:628: debug: HTTP connection from 192.168.1.15:49747
[2021/04/01 23:56:19] src/upnphttp.c:246: debug: Range Start-End: 3269149 - -1
[2021/04/01 23:56:19] src/upnphttp.c:608: debug: HTTP REQUEST: GET /MediaItems/7.mp4 HTTP/1.1
Host: 192.168.1.11:8200
Accept: */*
Accept-Language: en_US
User-Agent: VLC/3.0.11.1 LibVLC/3.0.11.1
Range: bytes=3269149-


[2021/04/01 23:56:19] src/upnphttp.c:1025: info: Serving DetailID: 7 [/home/kgrze/dev/dlna/content/justice/justice.avi]
[2021/04/01 23:56:19] src/upnphttp.c:908: debug: sent 4094121 bytes to 11. offset is now 6742016.
[2021/04/01 23:56:19] src/upnphttp.c:901: debug: sendfile error :: error no. 32 [Broken pipe]
[2021/04/01 23:56:25] src/upnphttp.c:908: debug: sent 27381237 bytes to 11. offset is now 30650386.
[2021/04/01 23:56:25] src/upnphttp.c:901: debug: sendfile error :: error no. 32 [Broken pipe]
[2021/04/01 23:56:30] src/minidlna.c:146: warn: received signal 2, good-bye
[2021/04/01 23:56:30] src/minissdp.c:579: maxdebug: Sending ssdp:byebye [9]
[2021/04/01 23:56:30] src/minissdp.c:579: maxdebug: Sending ssdp:byebye [9]
[2021/04/01 23:56:30] src/minissdp.c:579: maxdebug: Sending ssdp:byebye [9]
[2021/04/01 23:56:30] src/minissdp.c:579: maxdebug: Sending ssdp:byebye [9]
[2021/04/01 23:56:30] src/minissdp.c:579: maxdebug: Sending ssdp:byebye [9]
[2021/04/01 23:56:30] src/minissdp.c:579: maxdebug: Sending ssdp:byebye [9]
[2021/04/01 23:56:30] src/minissdp.c:579: maxdebug: Sending ssdp:byebye [9]
[2021/04/01 23:56:30] src/minissdp.c:579: maxdebug: Sending ssdp:byebye [9]
[2021/04/01 23:56:30] src/minissdp.c:579: maxdebug: Sending ssdp:byebye [9]
[2021/04/01 23:56:30] src/minissdp.c:579: maxdebug: Sending ssdp:byebye [9]
